head	1.23;
access;
symbols;
locks; strict;
comment	@# @;


1.23
date	2009.10.28.21.47.35;	author rjw;	state dead;
branches;
next	1.22;

1.22
date	2009.10.08.16.16.45;	author rjw;	state Exp;
branches;
next	1.21;

1.21
date	2009.10.07.22.43.38;	author rjw;	state Exp;
branches;
next	1.20;

1.20
date	2009.10.07.22.26.43;	author rjw;	state Exp;
branches;
next	1.19;

1.19
date	2009.10.06.16.38.56;	author rjw;	state Exp;
branches;
next	1.18;

1.18
date	2009.10.05.23.20.12;	author rjw;	state Exp;
branches;
next	1.17;

1.17
date	2009.10.01.23.00.54;	author rjw;	state Exp;
branches;
next	1.16;

1.16
date	2009.10.01.15.59.55;	author rjw;	state Exp;
branches;
next	1.15;

1.15
date	2009.09.30.20.45.02;	author rjw;	state Exp;
branches;
next	1.14;

1.14
date	2009.09.30.19.23.26;	author rjw;	state Exp;
branches;
next	1.13;

1.13
date	2009.09.30.18.02.10;	author rjw;	state Exp;
branches;
next	1.12;

1.12
date	2009.09.29.20.43.57;	author rjw;	state Exp;
branches;
next	1.11;

1.11
date	2009.09.29.19.09.26;	author rjw;	state Exp;
branches;
next	1.10;

1.10
date	2009.09.25.23.44.30;	author rjw;	state Exp;
branches;
next	1.9;

1.9
date	2009.09.25.22.42.43;	author rjw;	state Exp;
branches;
next	1.8;

1.8
date	2009.09.25.20.19.34;	author rjw;	state Exp;
branches;
next	1.7;

1.7
date	2009.09.25.18.52.37;	author rjw;	state Exp;
branches;
next	1.6;

1.6
date	2009.09.25.16.22.05;	author rjw;	state Exp;
branches;
next	1.5;

1.5
date	2009.09.21.22.06.30;	author rjw;	state Exp;
branches;
next	1.4;

1.4
date	2009.09.18.23.31.39;	author rjw;	state Exp;
branches;
next	1.3;

1.3
date	2009.09.18.18.35.08;	author rjw;	state Exp;
branches;
next	1.2;

1.2
date	2009.09.17.21.46.47;	author rjw;	state Exp;
branches;
next	1.1;

1.1
date	2009.08.12.21.03.32;	author rjw;	state Exp;
branches;
next	;


desc
@@


1.23
log
@Changed the extensions of test output files from out to output.
@
text
@
--------------------------------------------------------------------------------
WIT-J Error Test Case 1:
Throws an instance of an unexpected Java Throwable class.
--------------------------------------------------------------------------------

com.ibm.witj.InternalErrorException: 

   An instance of an unexpected Throwable class was thrown from
   the Java side of WIT-J:

      class java.lang.NullPointerException

   This indicates an internal error in WIT-J.

   As a result of this Exception, WIT-J has terminated its functioning.
   No further calls to WIT-J methods should be made for the rest of
   the program process.

	at com.ibm.witj.InternalErrorException.newInstanceForUnexpJavaThrowable(InternalErrorException.java:73)
	at com.ibm.witj.WitjException.getExceptionToThrow(WitjException.java:85)
	at com.ibm.witj.Utility.getExceptionToThrow(Utility.java:32)
	at com.ibm.witj.Problem.performAction(Problem.java:151)
	at com.ibm.witj.test.ErrTester.testCase1(ErrTester.java:201)
	at com.ibm.witj.test.ErrTester.perfTest(ErrTester.java:69)
	at com.ibm.witj.test.ErrTester.performTest(ErrTester.java:39)
	at com.ibm.witj.test.Tester.main(Tester.java:47)
Caused by: java.lang.NullPointerException
	at com.ibm.witj.Problem.performAction(Problem.java:125)
	... 4 more

com.ibm.witj.StatusQuoException: 

   A WIT-J method was called after WIT-J had terminated its functioning.

      Method: Problem.newInstance

   This indicates an error in the application program.

   The state of WIT-J has not been changed.

	at com.ibm.witj.TerminalException.notAllowedWhenTerminated(TerminalException.java:100)
	at com.ibm.witj.Utility.notAllowedWhenTerminated(Utility.java:69)
	at com.ibm.witj.Problem.newInstance(Problem.java:48)
	at com.ibm.witj.test.ErrTester.testCase1(ErrTester.java:217)
	at com.ibm.witj.test.ErrTester.perfTest(ErrTester.java:69)
	at com.ibm.witj.test.ErrTester.performTest(ErrTester.java:39)
	at com.ibm.witj.test.Tester.main(Tester.java:47)

Successful completion of Error Test Case 1.

---------------------------
 Contents of ErrTester.out 
---------------------------

--------------------------------------------------------------------------------
WIT-J Error Test Case 2:
Fails a Java assertion.
--------------------------------------------------------------------------------

com.ibm.witj.InternalErrorException: 

   An AssertionError was thrown from the Java side of WIT-J.

   This indicates an internal error in WIT-J.

   As a result of this Exception, WIT-J has terminated its functioning.
   No further calls to WIT-J methods should be made for the rest of
   the program process.

	at com.ibm.witj.InternalErrorException.newInstanceForJavaAssertionError(InternalErrorException.java:51)
	at com.ibm.witj.WitjException.getExceptionToThrow(WitjException.java:71)
	at com.ibm.witj.Utility.getExceptionToThrow(Utility.java:32)
	at com.ibm.witj.Problem.performAction(Problem.java:151)
	at com.ibm.witj.test.ErrTester.testCase2(ErrTester.java:250)
	at com.ibm.witj.test.ErrTester.perfTest(ErrTester.java:73)
	at com.ibm.witj.test.ErrTester.performTest(ErrTester.java:39)
	at com.ibm.witj.test.Tester.main(Tester.java:47)
Caused by: java.lang.AssertionError
	at com.ibm.witj.Problem.performAction(Problem.java:111)
	... 4 more

Successful completion of Error Test Case 2.

---------------------------
 Contents of ErrTester.out 
---------------------------

--------------------------------------------------------------------------------
WIT-J Error Test Case 3:
Throws a C++ exception of an unexpected type.
The native method returns a value.
--------------------------------------------------------------------------------

com.ibm.witj.InternalErrorException: 

   A C++ exception of an unexpected type was thrown from the C++ side of WIT-J.

   This indicates an internal error in WIT-J.

   As a result of this Exception, WIT-J has terminated its functioning.
   No further calls to WIT-J methods should be made for the rest of
   the program process.

	at com.ibm.witj.ProblemCOR.throwUnexpException(Native Method)
	at com.ibm.witj.Problem.performAction(Problem.java:130)
	at com.ibm.witj.test.ErrTester.testCase3(ErrTester.java:284)
	at com.ibm.witj.test.ErrTester.perfTest(ErrTester.java:77)
	at com.ibm.witj.test.ErrTester.performTest(ErrTester.java:39)
	at com.ibm.witj.test.Tester.main(Tester.java:47)

Successful completion of Error Test Case 3.

---------------------------
 Contents of ErrTester.out 
---------------------------

--------------------------------------------------------------------------------
WIT-J Error Test Case 4:
Fails a C++ EXCEPTION_ASSERT.
--------------------------------------------------------------------------------

com.ibm.witj.InternalErrorException: 

    An assertion failure was incurred by the C++ side of WIT-J:

      Source File: ../src/Problem.C
      Line #:      49

   This indicates an internal error in WIT-J.

   As a result of this Exception, WIT-J has terminated its functioning.
   No further calls to WIT-J methods should be made for the rest of
   the program process.

	at com.ibm.witj.ProblemCOR.performAction(Native Method)
	at com.ibm.witj.Problem.performAction(Problem.java:101)
	at com.ibm.witj.test.ErrTester.testCase4(ErrTester.java:317)
	at com.ibm.witj.test.ErrTester.perfTest(ErrTester.java:81)
	at com.ibm.witj.test.ErrTester.performTest(ErrTester.java:39)
	at com.ibm.witj.test.Tester.main(Tester.java:47)

Successful completion of Error Test Case 4.

---------------------------
 Contents of ErrTester.out 
---------------------------

--------------------------------------------------------------------------------
WIT-J Error Test Case 5:
Fails a C++ ABORTING_ASSERT.
--------------------------------------------------------------------------------


WIT-J/C++ Internal Error:

   Assertion failure:
      Source File: ../src/JniClient.C
      Line #:      34

Application Program aborted by WIT-J.

---------------------------
 Contents of ErrTester.out 
---------------------------

--------------------------------------------------------------------------------
WIT-J Error Test Case 6:
Exhausts memory in the WIT-J/Java code.
--------------------------------------------------------------------------------

100MB of memory have been allocated by WIT-J/Java.
200MB of memory have been allocated by WIT-J/Java.
300MB of memory have been allocated by WIT-J/Java.
400MB of memory have been allocated by WIT-J/Java.
500MB of memory have been allocated by WIT-J/Java.
JVMDUMP006I Processing dump event "systhrow", detail "java/lang/OutOfMemoryError" - please wait.
JVMDUMP007I JVM Requesting Snap dump using '/home/rjw/u/wit/rjw/witj/test/data/Snap.20091008.121220.10382.0001.trc'
JVMDUMP010I Snap dump written to /home/rjw/u/wit/rjw/witj/test/data/Snap.20091008.121220.10382.0001.trc
JVMDUMP007I JVM Requesting Heap dump using '/home/rjw/u/wit/rjw/witj/test/data/heapdump.20091008.121220.10382.0002.phd'
JVMDUMP010I Heap dump written to /home/rjw/u/wit/rjw/witj/test/data/heapdump.20091008.121220.10382.0002.phd
JVMDUMP007I JVM Requesting Java dump using '/home/rjw/u/wit/rjw/witj/test/data/javacore.20091008.121220.10382.0003.txt'
JVMDUMP010I Java dump written to /home/rjw/u/wit/rjw/witj/test/data/javacore.20091008.121220.10382.0003.txt
JVMDUMP013I Processed dump event "systhrow", detail "java/lang/OutOfMemoryError".

com.ibm.witj.OutOfMemoryException: 

   WIT-J has run out of memory.

   This occurred in WIT-J's Java code.

   As a result of this Exception, WIT-J has terminated its functioning.
   No further calls to WIT-J methods should be made for the rest of
   the program process.

	at com.ibm.witj.WitjException.getExceptionToThrow(WitjException.java:66)
	at com.ibm.witj.Utility.getExceptionToThrow(Utility.java:32)
	at com.ibm.witj.Problem.performAction(Problem.java:151)
	at com.ibm.witj.test.ErrTester.testCase6(ErrTester.java:371)
	at com.ibm.witj.test.ErrTester.perfTest(ErrTester.java:89)
	at com.ibm.witj.test.ErrTester.performTest(ErrTester.java:39)
	at com.ibm.witj.test.Tester.main(Tester.java:47)
Caused by: java.lang.OutOfMemoryError
	at com.ibm.witj.Problem.exhaustMemory(Problem.java:1219)
	at com.ibm.witj.Problem.performAction(Problem.java:116)
	... 4 more

Successful completion of Error Test Case 6.

---------------------------
 Contents of ErrTester.out 
---------------------------

--------------------------------------------------------------------------------
WIT-J Error Test Case 7:
Exhausts memory in the WIT-J/C++ code.
--------------------------------------------------------------------------------

100MB of memory have been allocated by WIT-J/C++.
200MB of memory have been allocated by WIT-J/C++.
300MB of memory have been allocated by WIT-J/C++.
400MB of memory have been allocated by WIT-J/C++.
500MB of memory have been allocated by WIT-J/C++.
600MB of memory have been allocated by WIT-J/C++.
700MB of memory have been allocated by WIT-J/C++.
800MB of memory have been allocated by WIT-J/C++.
900MB of memory have been allocated by WIT-J/C++.
1000MB of memory have been allocated by WIT-J/C++.
1100MB of memory have been allocated by WIT-J/C++.
1200MB of memory have been allocated by WIT-J/C++.
1300MB of memory have been allocated by WIT-J/C++.
1400MB of memory have been allocated by WIT-J/C++.
1500MB of memory have been allocated by WIT-J/C++.
1600MB of memory have been allocated by WIT-J/C++.
1700MB of memory have been allocated by WIT-J/C++.
1800MB of memory have been allocated by WIT-J/C++.
1900MB of memory have been allocated by WIT-J/C++.
2000MB of memory have been allocated by WIT-J/C++.
2100MB of memory have been allocated by WIT-J/C++.
2200MB of memory have been allocated by WIT-J/C++.
2300MB of memory have been allocated by WIT-J/C++.

com.ibm.witj.OutOfMemoryException: 

   WIT-J has run out of memory.

   This occurred in WIT-J's C++ code.

   As a result of this Exception, WIT-J has terminated its functioning.
   No further calls to WIT-J methods should be made for the rest of
   the program process.

	at com.ibm.witj.ProblemCOR.performAction(Native Method)
	at com.ibm.witj.Problem.performAction(Problem.java:101)
	at com.ibm.witj.test.ErrTester.testCase7(ErrTester.java:406)
	at com.ibm.witj.test.ErrTester.perfTest(ErrTester.java:93)
	at com.ibm.witj.test.ErrTester.performTest(ErrTester.java:39)
	at com.ibm.witj.test.Tester.main(Tester.java:47)

Successful completion of Error Test Case 7.

---------------------------
 Contents of ErrTester.out 
---------------------------

--------------------------------------------------------------------------------
WIT-J Error Test Case 8:
Triggers a JNI Exception.
--------------------------------------------------------------------------------

com.ibm.witj.InternalErrorException: 

   A Java Throwable was thrown during the execution of a JNI
   function called by the C++ side of WIT-J:

      class java.lang.NoClassDefFoundError

   This indicates an internal error in WIT-J.

   As a result of this Exception, WIT-J has terminated its functioning.
   No further calls to WIT-J methods should be made for the rest of
   the program process.

	at com.ibm.witj.InternalErrorException.newInstanceForThrowableFromJni(InternalErrorException.java:117)
	at com.ibm.witj.ProblemCOR.performAction(Native Method)
	at com.ibm.witj.Problem.performAction(Problem.java:101)
	at com.ibm.witj.test.ErrTester.testCase8(ErrTester.java:441)
	at com.ibm.witj.test.ErrTester.perfTest(ErrTester.java:97)
	at com.ibm.witj.test.ErrTester.performTest(ErrTester.java:39)
	at com.ibm.witj.test.Tester.main(Tester.java:47)
Caused by: java.lang.NoClassDefFoundError: Nonsense
	... 6 more
Caused by: java.lang.ClassNotFoundException: Nonsense
	at java.net.URLClassLoader.findClass(URLClassLoader.java:419)
	at java.lang.ClassLoader.loadClass(ClassLoader.java:643)
	at sun.misc.Launcher$AppClassLoader.loadClass(Launcher.java:300)
	at java.lang.ClassLoader.loadClass(ClassLoader.java:609)
	... 6 more

Successful completion of Error Test Case 8.

---------------------------
 Contents of ErrTester.out 
---------------------------

--------------------------------------------------------------------------------
WIT-J Error Test Case 10:
Attempts to set nPeriods to a negative number.
--------------------------------------------------------------------------------


WIT0322S Attribute is out of range.
            Value specified    : -3
            Range              : value >= 1
WIT0301S    Attribute          : nPeriods
WIT0310S    Function           : witSetNPeriods

WIT0863S WIT has encountered an error condition and is now throwing an
         exception of type WitErrorExc.
         The return code is 3.

com.ibm.witj.TerminalAppException: 

   WIT has issued a severe error message.

   This indicates an error in the application program.

   As a result of this Exception, WIT-J has terminated its functioning.
   No further calls to WIT-J methods should be made for the rest of
   the program process.

	at com.ibm.witj.GlobalAspectCOR.setNPeriods(Native Method)
	at com.ibm.witj.GlobalAspect.setNPeriods(GlobalAspect.java:182)
	at com.ibm.witj.CustAttImp$7.setInt(CustAttImp.java:134)
	at com.ibm.witj.Component.setValue(Component.java:72)
	at com.ibm.witj.test.ErrTester.testCase10(ErrTester.java:507)
	at com.ibm.witj.test.ErrTester.perfTest(ErrTester.java:105)
	at com.ibm.witj.test.ErrTester.performTest(ErrTester.java:39)
	at com.ibm.witj.test.Tester.main(Tester.java:47)

Successful completion of Error Test Case 10.

---------------------------
 Contents of ErrTester.out 
---------------------------

WIT0098I WIT function witSetNPeriods entered.

WIT0322S Attribute is out of range.
            Value specified    : -3
            Range              : value >= 1
WIT0301S    Attribute          : nPeriods
WIT0310S    Function           : witSetNPeriods

WIT0863S WIT has encountered an error condition and is now throwing an
         exception of type WitErrorExc.
         The return code is 3.


--------------------------------------------------------------------------------
WIT-J Error Test Case 11:
Causes WIT to issue a fatal message.
--------------------------------------------------------------------------------


WIT0283F Strong assertion violation:
            Source File: ../src/WitRun.C
            Line #:      396


WIT0863S WIT has encountered an error condition and is now throwing an
         exception of type WitErrorExc.
         The return code is 4.

com.ibm.witj.InternalErrorException: 

   WIT has issued a fatal error message.

   This indicates an internal error in WIT-J.

   As a result of this Exception, WIT-J has terminated its functioning.
   No further calls to WIT-J methods should be made for the rest of
   the program process.

	at com.ibm.witj.ProblemCOR.performAction(Native Method)
	at com.ibm.witj.Problem.performAction(Problem.java:101)
	at com.ibm.witj.test.ErrTester.testCase11(ErrTester.java:540)
	at com.ibm.witj.test.ErrTester.perfTest(ErrTester.java:109)
	at com.ibm.witj.test.ErrTester.performTest(ErrTester.java:39)
	at com.ibm.witj.test.Tester.main(Tester.java:47)

Successful completion of Error Test Case 11.

---------------------------
 Contents of ErrTester.out 
---------------------------

WIT0098I WIT function witIssueFatalMesg entered.

WIT0283F Strong assertion violation:
            Source File: ../src/WitRun.C
            Line #:      396

WIT0701I The above message indicates that there is a programming error in WIT.

WIT0863S WIT has encountered an error condition and is now throwing an
         exception of type WitErrorExc.
         The return code is 4.


--------------------------------------------------------------------------------
WIT-J Error Test Case 12:
Exhausts memory in WIT.
--------------------------------------------------------------------------------


WIT0404S Memory allocation error:
         
         There is not enough memory available for WIT to continue running.


WIT0863S WIT has encountered an error condition and is now throwing an
         exception of type WitErrorExc.
         The return code is 3.


com.ibm.witj.OutOfMemoryException: 

   WIT-J has run out of memory.

   This occurred in WIT.

   As a result of this Exception, WIT-J has terminated its functioning.
   No further calls to WIT-J methods should be made for the rest of
   the program process.

	at com.ibm.witj.ProblemCOR.performAction(Native Method)
	at com.ibm.witj.Problem.performAction(Problem.java:101)
	at com.ibm.witj.test.ErrTester.testCase12(ErrTester.java:573)
	at com.ibm.witj.test.ErrTester.perfTest(ErrTester.java:113)
	at com.ibm.witj.test.ErrTester.performTest(ErrTester.java:39)
	at com.ibm.witj.test.Tester.main(Tester.java:47)

Successful completion of Error Test Case 12.

---------------------------
 Contents of ErrTester.out 
---------------------------

WIT0098I WIT function witExhaustMemory entered.
WIT0869I  100MB of memory have been discarded.
WIT0869I  200MB of memory have been discarded.
WIT0869I  300MB of memory have been discarded.
WIT0869I  400MB of memory have been discarded.
WIT0869I  500MB of memory have been discarded.
WIT0869I  600MB of memory have been discarded.
WIT0869I  700MB of memory have been discarded.
WIT0869I  800MB of memory have been discarded.
WIT0869I  900MB of memory have been discarded.
WIT0869I 1000MB of memory have been discarded.
WIT0869I 1100MB of memory have been discarded.
WIT0869I 1200MB of memory have been discarded.
WIT0869I 1300MB of memory have been discarded.
WIT0869I 1400MB of memory have been discarded.
WIT0869I 1500MB of memory have been discarded.
WIT0869I 1600MB of memory have been discarded.
WIT0869I 1700MB of memory have been discarded.
WIT0869I 1800MB of memory have been discarded.
WIT0869I 1900MB of memory have been discarded.
WIT0869I 2000MB of memory have been discarded.
WIT0869I 2100MB of memory have been discarded.
WIT0869I 2200MB of memory have been discarded.
WIT0869I 2300MB of memory have been discarded.

WIT0404S Memory allocation error:
         
         There is not enough memory available for WIT to continue running.


WIT0863S WIT has encountered an error condition and is now throwing an
         exception of type WitErrorExc.
         The return code is 3.


--------------------------------------------------------------------------------
WIT-J Error Test Case 13:
Invokes readData on a file that does not exist.
--------------------------------------------------------------------------------


WIT0075S An error was encountered by the "fopen" function when attempting to
         open a file.
         
         File name:           "no-file.data"
         File opening mode:   "r"
         Fopen error number:  2
         Fopen error message: "No such file or directory"


WIT0863S WIT has encountered an error condition and is now throwing an
         exception of type WitErrorExc.
         The return code is 3.


com.ibm.witj.ReadDataException: 

   WIT has issued a severe error message while attempting to read
   a data file for the readData method of class Problem.

   This indicates an error in the data file.

   As a result of this Exception, WIT-J has terminated its functioning.
   No further calls to WIT-J methods should be made for the rest of
   the program process.

	at com.ibm.witj.ProblemCOR.readData(Native Method)
	at com.ibm.witj.Problem.readData(Problem.java:452)
	at com.ibm.witj.test.ErrTester.testCase13(ErrTester.java:608)
	at com.ibm.witj.test.ErrTester.perfTest(ErrTester.java:117)
	at com.ibm.witj.test.ErrTester.performTest(ErrTester.java:39)
	at com.ibm.witj.test.Tester.main(Tester.java:47)

Successful completion of Error Test Case 13.

---------------------------
 Contents of ErrTester.out 
---------------------------

WIT0098I WIT function witReadData entered.
WIT0100I The file "no-file.data" will be accessed.

WIT0075S An error was encountered by the "fopen" function when attempting to
         open a file.
         
         File name:           "no-file.data"
         File opening mode:   "r"
         Fopen error number:  2
         Fopen error message: "No such file or directory"


WIT0863S WIT has encountered an error condition and is now throwing an
         exception of type WitErrorExc.
         The return code is 3.


--------------------------------------------------------------------------------
WIT-J Error Test Case 14:
Invokes readData on a file that sets wit34Compatible to TRUE.
--------------------------------------------------------------------------------


WIT0988S The "wit34Compatible" attribute cannot be set in this application
         program.

WIT0355S    Input file name    : wit34.data
WIT0356S    Input file line number   : 3
WIT0310S    Function           : witReadData

WIT0863S WIT has encountered an error condition and is now throwing an
         exception of type WitErrorExc.
         The return code is 3.


com.ibm.witj.ReadDataException: 

   WIT has issued a severe error message while attempting to read
   a data file for the readData method of class Problem.

   This indicates an error in the data file.

   As a result of this Exception, WIT-J has terminated its functioning.
   No further calls to WIT-J methods should be made for the rest of
   the program process.

	at com.ibm.witj.ProblemCOR.readData(Native Method)
	at com.ibm.witj.Problem.readData(Problem.java:452)
	at com.ibm.witj.test.ErrTester.testCase14(ErrTester.java:643)
	at com.ibm.witj.test.ErrTester.perfTest(ErrTester.java:121)
	at com.ibm.witj.test.ErrTester.performTest(ErrTester.java:39)
	at com.ibm.witj.test.Tester.main(Tester.java:47)

Successful completion of Error Test Case 14.

---------------------------
 Contents of ErrTester.out 
---------------------------

WIT0098I WIT function witReadData entered.
WIT0100I The file "wit34.data" will be accessed.

WIT0988S The "wit34Compatible" attribute cannot be set in this application
         program.

WIT0355S    Input file name    : wit34.data
WIT0356S    Input file line number   : 3
WIT0310S    Function           : witReadData

WIT0863S WIT has encountered an error condition and is now throwing an
         exception of type WitErrorExc.
         The return code is 3.


--------------------------------------------------------------------------------
WIT-J Error Test Case 15:
Invokes readData on a file that contains a character in Latin-1.
--------------------------------------------------------------------------------

com.ibm.witj.BadCharacterException: 

   The readData method of class Problem found a string in the data
   file containing a non-UTF-8 character.

      Offending string (as a Java String): SÃ£o Paulo

   This indicates an error in the data file.

   As a result of this Exception, WIT-J has terminated its functioning.
   No further calls to WIT-J methods should be made for the rest of
   the program process.

	at com.ibm.witj.ProblemCOR.readData(Native Method)
	at com.ibm.witj.Problem.readData(Problem.java:452)
	at com.ibm.witj.test.ErrTester.testCase15(ErrTester.java:678)
	at com.ibm.witj.test.ErrTester.perfTest(ErrTester.java:125)
	at com.ibm.witj.test.ErrTester.performTest(ErrTester.java:39)
	at com.ibm.witj.test.Tester.main(Tester.java:47)

The offending String given in the BadCharacterException was: SÃ£o Paulo

Successful completion of Error Test Case 15.

---------------------------
 Contents of ErrTester.out 
---------------------------

WIT0098I WIT function witReadData entered.
WIT0100I The file "latin1.data" will be accessed.

WIT0098I WIT function witGetNPeriods entered.
WIT0413I Returned value of attribute nPeriods is 26.

WIT0098I WIT function witGetTitle entered.

WIT0098I WIT function witGetObjItrState entered.

WIT0098I WIT function witAdvanceObjItr entered.

WIT0783I Object iteration has advanced to the following data object:

WIT0714I    Object Type:               Operation
WIT0716I    Operation Name:            "São Paulo"

WIT0098I WIT function witGetObjItrState entered.

WIT0098I WIT function witGetObjItrOperation entered.

--------------------------------------------------------------------------------
WIT-J Error Test Case 16:
Invokes WIT-J with a bad native library path.
--------------------------------------------------------------------------------

com.ibm.witj.TerminalAppException: 

   The Java portion of WIT-J was not able to load the native
   library "witj" for the C++ portion of WIT-J. This may
   indicate a problem with the native library path:

      java.library.path = "bogus-path"

   This indicates an error in the application program.

   As a result of this Exception, WIT-J has terminated its functioning.
   No further calls to WIT-J methods should be made for the rest of
   the program process.

	at com.ibm.witj.TerminalAppException.newInstanceForLoadLibraryFailure(TerminalAppException.java:53)
	at com.ibm.witj.CppObjRep.setUpCppPortion(CppObjRep.java:100)
	at com.ibm.witj.CppObjRep.<init>(CppObjRep.java:58)
	at com.ibm.witj.CoordinatorCOR.<init>(CoordinatorCOR.java:32)
	at com.ibm.witj.Coordinator.<init>(Coordinator.java:35)
	at com.ibm.witj.Problem.newInstance(Problem.java:50)
	at com.ibm.witj.test.ErrTester.newProblem(ErrTester.java:774)
	at com.ibm.witj.test.ErrTester.testCase16(ErrTester.java:716)
	at com.ibm.witj.test.ErrTester.perfTest(ErrTester.java:129)
	at com.ibm.witj.test.ErrTester.performTest(ErrTester.java:39)
	at com.ibm.witj.test.Tester.main(Tester.java:47)
Caused by: java.lang.UnsatisfiedLinkError: witj (Not found in java.library.path)
	at java.lang.ClassLoader.loadLibraryWithPath(ClassLoader.java:993)
	at java.lang.ClassLoader.loadLibraryWithClassLoader(ClassLoader.java:962)
	at java.lang.System.loadLibrary(System.java:465)
	at com.ibm.witj.CppObjRep.setUpCppPortion(CppObjRep.java:95)
	... 9 more

Successful completion of Error Test Case 16.

--------------------------------------------------------------------------------
WIT-J Error Test Case 17:
Calls an unimplemented native method.
--------------------------------------------------------------------------------

com.ibm.witj.TerminalAppException: 

   An UnsatisfiedLinkError was thrown within the Java portion of
   WIT-J. This may indicate a problem linking to the native
   method implementations in the native library "witj" for the
   C++ portion of WIT-J.

      java.library.path = "/home/rjw/u/wit/rjw/witj/cpp/linux"

   This indicates an error in the application program.

   As a result of this Exception, WIT-J has terminated its functioning.
   No further calls to WIT-J methods should be made for the rest of
   the program process.

	at com.ibm.witj.TerminalAppException.newInstanceForUnsatisfiedLink(TerminalAppException.java:81)
	at com.ibm.witj.WitjException.getExceptionToThrow(WitjException.java:78)
	at com.ibm.witj.Utility.getExceptionToThrow(Utility.java:32)
	at com.ibm.witj.Problem.performAction(Problem.java:151)
	at com.ibm.witj.test.ErrTester.testCase17(ErrTester.java:749)
	at com.ibm.witj.test.ErrTester.perfTest(ErrTester.java:133)
	at com.ibm.witj.test.ErrTester.performTest(ErrTester.java:39)
	at com.ibm.witj.test.Tester.main(Tester.java:47)
Caused by: java.lang.UnsatisfiedLinkError: com/ibm/witj/ProblemCOR.notImplemented()V
	at com.ibm.witj.Problem.performAction(Problem.java:135)
	... 4 more

Successful completion of Error Test Case 17.

---------------------------
 Contents of ErrTester.out 
---------------------------
@


1.22
log
@Minor Revision.
@
text
@@


1.21
log
@Removed synchronization of CoordinatorCOR ctor.
@
text
@d178 6
a183 6
JVMDUMP007I JVM Requesting Snap dump using '/home/rjw/u/wit/rjw/witj/test/data/Snap.20091007.184217.19336.0001.trc'
JVMDUMP010I Snap dump written to /home/rjw/u/wit/rjw/witj/test/data/Snap.20091007.184217.19336.0001.trc
JVMDUMP007I JVM Requesting Heap dump using '/home/rjw/u/wit/rjw/witj/test/data/heapdump.20091007.184217.19336.0002.phd'
JVMDUMP010I Heap dump written to /home/rjw/u/wit/rjw/witj/test/data/heapdump.20091007.184217.19336.0002.phd
JVMDUMP007I JVM Requesting Java dump using '/home/rjw/u/wit/rjw/witj/test/data/javacore.20091007.184217.19336.0003.txt'
JVMDUMP010I Java dump written to /home/rjw/u/wit/rjw/witj/test/data/javacore.20091007.184217.19336.0003.txt
d368 1
a368 1
            Line #:      407
d402 1
a402 1
            Line #:      407
@


1.20
log
@Test output revised to reflect recent changes in WIT.
@
text
@d178 6
a183 6
JVMDUMP007I JVM Requesting Snap dump using '/home/rjw/u/wit/rjw/witj/test/data/Snap.20091007.181343.18100.0001.trc'
JVMDUMP010I Snap dump written to /home/rjw/u/wit/rjw/witj/test/data/Snap.20091007.181343.18100.0001.trc
JVMDUMP007I JVM Requesting Heap dump using '/home/rjw/u/wit/rjw/witj/test/data/heapdump.20091007.181343.18100.0002.phd'
JVMDUMP010I Heap dump written to /home/rjw/u/wit/rjw/witj/test/data/heapdump.20091007.181343.18100.0002.phd
JVMDUMP007I JVM Requesting Java dump using '/home/rjw/u/wit/rjw/witj/test/data/javacore.20091007.181343.18100.0003.txt'
JVMDUMP010I Java dump written to /home/rjw/u/wit/rjw/witj/test/data/javacore.20091007.181343.18100.0003.txt
d679 1
a679 2
	at com.ibm.witj.CoordinatorCOR.<init>(CoordinatorCOR.java:80)
	at com.ibm.witj.CoordinatorCOR.newInstance(CoordinatorCOR.java:59)
d692 1
a692 1
	... 10 more
@


1.19
log
@Moved ctor synchronization logic from class Coordinator to class
CoordinatorCOR.
@
text
@d178 6
a183 6
JVMDUMP007I JVM Requesting Snap dump using '/home/rjw/u/wit/rjw/witj/test/data/Snap.20091006.123651.6001.0001.trc'
JVMDUMP010I Snap dump written to /home/rjw/u/wit/rjw/witj/test/data/Snap.20091006.123651.6001.0001.trc
JVMDUMP007I JVM Requesting Heap dump using '/home/rjw/u/wit/rjw/witj/test/data/heapdump.20091006.123651.6001.0002.phd'
JVMDUMP010I Heap dump written to /home/rjw/u/wit/rjw/witj/test/data/heapdump.20091006.123651.6001.0002.phd
JVMDUMP007I JVM Requesting Java dump using '/home/rjw/u/wit/rjw/witj/test/data/javacore.20091006.123651.6001.0003.txt'
JVMDUMP010I Java dump written to /home/rjw/u/wit/rjw/witj/test/data/javacore.20091006.123651.6001.0003.txt
d491 1
a491 1
WIT0876S An error was encountered by the "fopen" function when attempting to
a497 4
         
         Please note: Since WIT is operating in multiple-threads mode, the
         fopen error number and message may possibly be inaccurate, because it
         is global data.
d532 1
a532 1
WIT0876S An error was encountered by the "fopen" function when attempting to
a538 4
         
         Please note: Since WIT is operating in multiple-threads mode, the
         fopen error number and message may possibly be inaccurate, because it
         is global data.
@


1.18
log
@Made calls to CoordinatorCOR ctor synchronized only with the first call.
@
text
@d178 6
a183 6
JVMDUMP007I JVM Requesting Snap dump using '/home/rjw/u/wit/rjw/witj/test/data/Snap.20091005.191548.7217.0001.trc'
JVMDUMP010I Snap dump written to /home/rjw/u/wit/rjw/witj/test/data/Snap.20091005.191548.7217.0001.trc
JVMDUMP007I JVM Requesting Heap dump using '/home/rjw/u/wit/rjw/witj/test/data/heapdump.20091005.191548.7217.0002.phd'
JVMDUMP010I Heap dump written to /home/rjw/u/wit/rjw/witj/test/data/heapdump.20091005.191548.7217.0002.phd
JVMDUMP007I JVM Requesting Java dump using '/home/rjw/u/wit/rjw/witj/test/data/javacore.20091005.191548.7217.0003.txt'
JVMDUMP010I Java dump written to /home/rjw/u/wit/rjw/witj/test/data/javacore.20091005.191548.7217.0003.txt
d687 2
a688 2
	at com.ibm.witj.CoordinatorCOR.<init>(CoordinatorCOR.java:32)
	at com.ibm.witj.Coordinator.newCoordinatorCOR(Coordinator.java:443)
@


1.17
log
@Fixed bug: The WIT multiThread attribute is now set to true.
Implemented the test for calls to readData from two Threads.
@
text
@d178 6
a183 6
JVMDUMP007I JVM Requesting Snap dump using '/home/rjw/u/wit/rjw/witj/test/data/Snap.20091001.185645.12826.0001.trc'
JVMDUMP010I Snap dump written to /home/rjw/u/wit/rjw/witj/test/data/Snap.20091001.185645.12826.0001.trc
JVMDUMP007I JVM Requesting Heap dump using '/home/rjw/u/wit/rjw/witj/test/data/heapdump.20091001.185645.12826.0002.phd'
JVMDUMP010I Heap dump written to /home/rjw/u/wit/rjw/witj/test/data/heapdump.20091001.185645.12826.0002.phd
JVMDUMP007I JVM Requesting Java dump using '/home/rjw/u/wit/rjw/witj/test/data/javacore.20091001.185645.12826.0003.txt'
JVMDUMP010I Java dump written to /home/rjw/u/wit/rjw/witj/test/data/javacore.20091001.185645.12826.0003.txt
d688 1
d701 1
a701 1
	... 9 more
@


1.16
log
@Removed Problem.getActiveProblems ().
@
text
@d178 6
a183 6
JVMDUMP007I JVM Requesting Snap dump using '/home/rjw/u/wit/rjw/witj/test/data/Snap.20091001.115902.5735.0001.trc'
JVMDUMP010I Snap dump written to /home/rjw/u/wit/rjw/witj/test/data/Snap.20091001.115902.5735.0001.trc
JVMDUMP007I JVM Requesting Heap dump using '/home/rjw/u/wit/rjw/witj/test/data/heapdump.20091001.115902.5735.0002.phd'
JVMDUMP010I Heap dump written to /home/rjw/u/wit/rjw/witj/test/data/heapdump.20091001.115902.5735.0002.phd
JVMDUMP007I JVM Requesting Java dump using '/home/rjw/u/wit/rjw/witj/test/data/javacore.20091001.115902.5735.0003.txt'
JVMDUMP010I Java dump written to /home/rjw/u/wit/rjw/witj/test/data/javacore.20091001.115902.5735.0003.txt
d204 1
a204 1
	at com.ibm.witj.Problem.exhaustMemory(Problem.java:1218)
d491 1
a491 1
WIT0075S An error was encountered by the "fopen" function when attempting to
d498 4
d521 1
a521 1
	at com.ibm.witj.Problem.readData(Problem.java:451)
d536 1
a536 1
WIT0075S An error was encountered by the "fopen" function when attempting to
d543 4
d584 1
a584 1
	at com.ibm.witj.Problem.readData(Problem.java:451)
d630 1
a630 1
	at com.ibm.witj.Problem.readData(Problem.java:451)
@


1.15
log
@Removed restriction forbidding WIT-J to be called from more than one Thread.
@
text
@d178 6
a183 6
JVMDUMP007I JVM Requesting Snap dump using '/home/rjw/u/wit/rjw/witj/test/data/Snap.20090930.164059.32606.0001.trc'
JVMDUMP010I Snap dump written to /home/rjw/u/wit/rjw/witj/test/data/Snap.20090930.164059.32606.0001.trc
JVMDUMP007I JVM Requesting Heap dump using '/home/rjw/u/wit/rjw/witj/test/data/heapdump.20090930.164059.32606.0002.phd'
JVMDUMP010I Heap dump written to /home/rjw/u/wit/rjw/witj/test/data/heapdump.20090930.164059.32606.0002.phd
JVMDUMP007I JVM Requesting Java dump using '/home/rjw/u/wit/rjw/witj/test/data/javacore.20090930.164059.32606.0003.txt'
JVMDUMP010I Java dump written to /home/rjw/u/wit/rjw/witj/test/data/javacore.20090930.164059.32606.0003.txt
d204 1
a204 1
	at com.ibm.witj.Problem.exhaustMemory(Problem.java:1251)
@


1.14
log
@Synchronized readData.
@
text
@d42 1
a42 1
	at com.ibm.witj.TerminalException.notAllowedWhenTerminated(TerminalException.java:104)
d178 6
a183 6
JVMDUMP007I JVM Requesting Snap dump using '/home/rjw/u/wit/rjw/witj/test/data/Snap.20090930.152217.31376.0001.trc'
JVMDUMP010I Snap dump written to /home/rjw/u/wit/rjw/witj/test/data/Snap.20090930.152217.31376.0001.trc
JVMDUMP007I JVM Requesting Heap dump using '/home/rjw/u/wit/rjw/witj/test/data/heapdump.20090930.152217.31376.0002.phd'
JVMDUMP010I Heap dump written to /home/rjw/u/wit/rjw/witj/test/data/heapdump.20090930.152217.31376.0002.phd
JVMDUMP007I JVM Requesting Java dump using '/home/rjw/u/wit/rjw/witj/test/data/javacore.20090930.152217.31376.0003.txt'
JVMDUMP010I Java dump written to /home/rjw/u/wit/rjw/witj/test/data/javacore.20090930.152217.31376.0003.txt
@


1.13
log
@Further implementation of class ThreadedObject.
@
text
@d178 6
a183 6
JVMDUMP007I JVM Requesting Snap dump using '/home/rjw/u/wit/rjw/witj/test/data/Snap.20090930.140121.29605.0001.trc'
JVMDUMP010I Snap dump written to /home/rjw/u/wit/rjw/witj/test/data/Snap.20090930.140121.29605.0001.trc
JVMDUMP007I JVM Requesting Heap dump using '/home/rjw/u/wit/rjw/witj/test/data/heapdump.20090930.140121.29605.0002.phd'
JVMDUMP010I Heap dump written to /home/rjw/u/wit/rjw/witj/test/data/heapdump.20090930.140121.29605.0002.phd
JVMDUMP007I JVM Requesting Java dump using '/home/rjw/u/wit/rjw/witj/test/data/javacore.20090930.140121.29605.0003.txt'
JVMDUMP010I Java dump written to /home/rjw/u/wit/rjw/witj/test/data/javacore.20090930.140121.29605.0003.txt
d204 1
a204 1
	at com.ibm.witj.Problem.exhaustMemory(Problem.java:1241)
d517 1
a517 1
	at com.ibm.witj.Problem.readData(Problem.java:442)
d576 1
a576 1
	at com.ibm.witj.Problem.readData(Problem.java:442)
d622 1
a622 1
	at com.ibm.witj.Problem.readData(Problem.java:442)
@


1.12
log
@Initial implementation of class ThreadedObject.
@
text
@d178 6
a183 6
JVMDUMP007I JVM Requesting Snap dump using '/home/rjw/u/wit/rjw/witj/test/data/Snap.20090929.163902.11001.0001.trc'
JVMDUMP010I Snap dump written to /home/rjw/u/wit/rjw/witj/test/data/Snap.20090929.163902.11001.0001.trc
JVMDUMP007I JVM Requesting Heap dump using '/home/rjw/u/wit/rjw/witj/test/data/heapdump.20090929.163902.11001.0002.phd'
JVMDUMP010I Heap dump written to /home/rjw/u/wit/rjw/witj/test/data/heapdump.20090929.163902.11001.0002.phd
JVMDUMP007I JVM Requesting Java dump using '/home/rjw/u/wit/rjw/witj/test/data/javacore.20090929.163902.11001.0003.txt'
JVMDUMP010I Java dump written to /home/rjw/u/wit/rjw/witj/test/data/javacore.20090929.163902.11001.0003.txt
d517 1
a517 1
	at com.ibm.witj.Problem.readData(Problem.java:440)
d576 1
a576 1
	at com.ibm.witj.Problem.readData(Problem.java:440)
d622 1
a622 1
	at com.ibm.witj.Problem.readData(Problem.java:440)
d676 1
a676 1
	at com.ibm.witj.TerminalAppException.newInstanceForLoadLibraryFailure(TerminalAppException.java:49)
d716 1
a716 1
	at com.ibm.witj.TerminalAppException.newInstanceForUnsatisfiedLink(TerminalAppException.java:77)
@


1.11
log
@Implemented class PreservedInternal and made several classes extend it
   instead of class PreservedObject.
@
text
@d23 1
a23 1
	at com.ibm.witj.Problem.performAction(Problem.java:150)
d29 1
a29 1
	at com.ibm.witj.Problem.performAction(Problem.java:124)
d44 1
a44 1
	at com.ibm.witj.Problem.newInstance(Problem.java:47)
d74 1
a74 1
	at com.ibm.witj.Problem.performAction(Problem.java:150)
d80 1
a80 1
	at com.ibm.witj.Problem.performAction(Problem.java:110)
d106 1
a106 1
	at com.ibm.witj.Problem.performAction(Problem.java:129)
d137 1
a137 1
	at com.ibm.witj.Problem.performAction(Problem.java:100)
d178 6
a183 6
JVMDUMP007I JVM Requesting Snap dump using '/home/rjw/u/wit/rjw/witj/test/data/Snap.20090929.150540.9126.0001.trc'
JVMDUMP010I Snap dump written to /home/rjw/u/wit/rjw/witj/test/data/Snap.20090929.150540.9126.0001.trc
JVMDUMP007I JVM Requesting Heap dump using '/home/rjw/u/wit/rjw/witj/test/data/heapdump.20090929.150540.9126.0002.phd'
JVMDUMP010I Heap dump written to /home/rjw/u/wit/rjw/witj/test/data/heapdump.20090929.150540.9126.0002.phd
JVMDUMP007I JVM Requesting Java dump using '/home/rjw/u/wit/rjw/witj/test/data/javacore.20090929.150540.9126.0003.txt'
JVMDUMP010I Java dump written to /home/rjw/u/wit/rjw/witj/test/data/javacore.20090929.150540.9126.0003.txt
d198 1
a198 1
	at com.ibm.witj.Problem.performAction(Problem.java:150)
d204 2
a205 2
	at com.ibm.witj.Problem.exhaustMemory(Problem.java:1240)
	at com.ibm.witj.Problem.performAction(Problem.java:115)
d254 1
a254 1
	at com.ibm.witj.Problem.performAction(Problem.java:100)
d286 1
a286 1
	at com.ibm.witj.Problem.performAction(Problem.java:100)
d333 1
a333 1
	at com.ibm.witj.GlobalAspect.setNPeriods(GlobalAspect.java:181)
d335 1
a335 1
	at com.ibm.witj.Component.setValue(Component.java:71)
d386 1
a386 1
	at com.ibm.witj.Problem.performAction(Problem.java:100)
d438 1
a438 1
	at com.ibm.witj.Problem.performAction(Problem.java:100)
d517 1
a517 1
	at com.ibm.witj.Problem.readData(Problem.java:439)
d576 1
a576 1
	at com.ibm.witj.Problem.readData(Problem.java:439)
d622 1
a622 1
	at com.ibm.witj.Problem.readData(Problem.java:439)
d680 2
a681 2
	at com.ibm.witj.Coordinator.<init>(Coordinator.java:37)
	at com.ibm.witj.Problem.newInstance(Problem.java:49)
d719 1
a719 1
	at com.ibm.witj.Problem.performAction(Problem.java:150)
d725 1
a725 1
	at com.ibm.witj.Problem.performAction(Problem.java:134)
@


1.10
log
@Moved myCoordinator to PreservedObject.
@
text
@d178 6
a183 6
JVMDUMP007I JVM Requesting Snap dump using '/home/rjw/u/wit/rjw/witj/test/data/Snap.20090925.194100.13879.0001.trc'
JVMDUMP010I Snap dump written to /home/rjw/u/wit/rjw/witj/test/data/Snap.20090925.194100.13879.0001.trc
JVMDUMP007I JVM Requesting Heap dump using '/home/rjw/u/wit/rjw/witj/test/data/heapdump.20090925.194100.13879.0002.phd'
JVMDUMP010I Heap dump written to /home/rjw/u/wit/rjw/witj/test/data/heapdump.20090925.194100.13879.0002.phd
JVMDUMP007I JVM Requesting Java dump using '/home/rjw/u/wit/rjw/witj/test/data/javacore.20090925.194100.13879.0003.txt'
JVMDUMP010I Java dump written to /home/rjw/u/wit/rjw/witj/test/data/javacore.20090925.194100.13879.0003.txt
d204 1
a204 1
	at com.ibm.witj.Problem.exhaustMemory(Problem.java:1239)
d677 4
a680 4
	at com.ibm.witj.CppObjRep.setUpCppPortion(CppObjRep.java:113)
	at com.ibm.witj.CppObjRep.<init>(CppObjRep.java:60)
	at com.ibm.witj.CoordinatorCOR.<init>(CoordinatorCOR.java:33)
	at com.ibm.witj.Coordinator.<init>(Coordinator.java:41)
d691 1
a691 1
	at com.ibm.witj.CppObjRep.setUpCppPortion(CppObjRep.java:108)
@


1.9
log
@Implemented thePreservedObject.getCoordinator ().
@
text
@d178 6
a183 6
JVMDUMP007I JVM Requesting Snap dump using '/home/rjw/u/wit/rjw/witj/test/data/Snap.20090925.183617.11676.0001.trc'
JVMDUMP010I Snap dump written to /home/rjw/u/wit/rjw/witj/test/data/Snap.20090925.183617.11676.0001.trc
JVMDUMP007I JVM Requesting Heap dump using '/home/rjw/u/wit/rjw/witj/test/data/heapdump.20090925.183617.11676.0002.phd'
JVMDUMP010I Heap dump written to /home/rjw/u/wit/rjw/witj/test/data/heapdump.20090925.183617.11676.0002.phd
JVMDUMP007I JVM Requesting Java dump using '/home/rjw/u/wit/rjw/witj/test/data/javacore.20090925.183617.11676.0003.txt'
JVMDUMP010I Java dump written to /home/rjw/u/wit/rjw/witj/test/data/javacore.20090925.183617.11676.0003.txt
d204 1
a204 1
	at com.ibm.witj.Problem.exhaustMemory(Problem.java:1250)
d677 1
a677 1
	at com.ibm.witj.CppObjRep.setUpCppPortion(CppObjRep.java:124)
d680 1
a680 1
	at com.ibm.witj.Coordinator.<init>(Coordinator.java:37)
d691 1
a691 1
	at com.ibm.witj.CppObjRep.setUpCppPortion(CppObjRep.java:119)
@


1.8
log
@Moved active Set from class Problem to class Coordinator.
@
text
@d178 6
a183 6
JVMDUMP007I JVM Requesting Snap dump using '/home/rjw/u/wit/rjw/witj/test/data/Snap.20090925.161837.9109.0001.trc'
JVMDUMP010I Snap dump written to /home/rjw/u/wit/rjw/witj/test/data/Snap.20090925.161837.9109.0001.trc
JVMDUMP007I JVM Requesting Heap dump using '/home/rjw/u/wit/rjw/witj/test/data/heapdump.20090925.161837.9109.0002.phd'
JVMDUMP010I Heap dump written to /home/rjw/u/wit/rjw/witj/test/data/heapdump.20090925.161837.9109.0002.phd
JVMDUMP007I JVM Requesting Java dump using '/home/rjw/u/wit/rjw/witj/test/data/javacore.20090925.161837.9109.0003.txt'
JVMDUMP010I Java dump written to /home/rjw/u/wit/rjw/witj/test/data/javacore.20090925.161837.9109.0003.txt
d204 1
a204 1
	at com.ibm.witj.Problem.exhaustMemory(Problem.java:1244)
d677 3
a679 3
	at com.ibm.witj.CppObjRep.setUpCppPortion(CppObjRep.java:111)
	at com.ibm.witj.CppObjRep.<init>(CppObjRep.java:58)
	at com.ibm.witj.CoordinatorCOR.<init>(CoordinatorCOR.java:32)
d691 1
a691 1
	at com.ibm.witj.CppObjRep.setUpCppPortion(CppObjRep.java:106)
@


1.7
log
@Made the Coordinator own the Problem.
@
text
@d178 6
a183 6
JVMDUMP007I JVM Requesting Snap dump using '/home/rjw/u/wit/rjw/witj/test/data/Snap.20090925.144918.7733.0001.trc'
JVMDUMP010I Snap dump written to /home/rjw/u/wit/rjw/witj/test/data/Snap.20090925.144918.7733.0001.trc
JVMDUMP007I JVM Requesting Heap dump using '/home/rjw/u/wit/rjw/witj/test/data/heapdump.20090925.144918.7733.0002.phd'
JVMDUMP010I Heap dump written to /home/rjw/u/wit/rjw/witj/test/data/heapdump.20090925.144918.7733.0002.phd
JVMDUMP007I JVM Requesting Java dump using '/home/rjw/u/wit/rjw/witj/test/data/javacore.20090925.144918.7733.0003.txt'
JVMDUMP010I Java dump written to /home/rjw/u/wit/rjw/witj/test/data/javacore.20090925.144918.7733.0003.txt
d204 1
a204 1
	at com.ibm.witj.Problem.exhaustMemory(Problem.java:1242)
d680 1
a680 1
	at com.ibm.witj.Coordinator.<init>(Coordinator.java:35)
@


1.6
log
@Added theProblem.myThread.
@
text
@d23 1
a23 1
	at com.ibm.witj.Problem.performAction(Problem.java:146)
d29 1
a29 1
	at com.ibm.witj.Problem.performAction(Problem.java:120)
d44 1
a44 1
	at com.ibm.witj.Problem.newInstance(Problem.java:45)
d74 1
a74 1
	at com.ibm.witj.Problem.performAction(Problem.java:146)
d80 1
a80 1
	at com.ibm.witj.Problem.performAction(Problem.java:106)
d106 1
a106 1
	at com.ibm.witj.Problem.performAction(Problem.java:125)
d137 1
a137 1
	at com.ibm.witj.Problem.performAction(Problem.java:96)
d178 6
a183 6
JVMDUMP007I JVM Requesting Snap dump using '/home/rjw/u/wit/rjw/witj/test/data/Snap.20090925.122113.5657.0001.trc'
JVMDUMP010I Snap dump written to /home/rjw/u/wit/rjw/witj/test/data/Snap.20090925.122113.5657.0001.trc
JVMDUMP007I JVM Requesting Heap dump using '/home/rjw/u/wit/rjw/witj/test/data/heapdump.20090925.122113.5657.0002.phd'
JVMDUMP010I Heap dump written to /home/rjw/u/wit/rjw/witj/test/data/heapdump.20090925.122113.5657.0002.phd
JVMDUMP007I JVM Requesting Java dump using '/home/rjw/u/wit/rjw/witj/test/data/javacore.20090925.122113.5657.0003.txt'
JVMDUMP010I Java dump written to /home/rjw/u/wit/rjw/witj/test/data/javacore.20090925.122113.5657.0003.txt
d198 1
a198 1
	at com.ibm.witj.Problem.performAction(Problem.java:146)
d204 2
a205 2
	at com.ibm.witj.Problem.exhaustMemory(Problem.java:1250)
	at com.ibm.witj.Problem.performAction(Problem.java:111)
d254 1
a254 1
	at com.ibm.witj.Problem.performAction(Problem.java:96)
d286 1
a286 1
	at com.ibm.witj.Problem.performAction(Problem.java:96)
d386 1
a386 1
	at com.ibm.witj.Problem.performAction(Problem.java:96)
d438 1
a438 1
	at com.ibm.witj.Problem.performAction(Problem.java:96)
d517 1
a517 1
	at com.ibm.witj.Problem.readData(Problem.java:435)
d576 1
a576 1
	at com.ibm.witj.Problem.readData(Problem.java:435)
d622 1
a622 1
	at com.ibm.witj.Problem.readData(Problem.java:435)
d680 2
a681 3
	at com.ibm.witj.Coordinator.<init>(Coordinator.java:37)
	at com.ibm.witj.Problem.<init>(Problem.java:1150)
	at com.ibm.witj.Problem.newInstance(Problem.java:47)
d692 1
a692 1
	... 10 more
d719 1
a719 1
	at com.ibm.witj.Problem.performAction(Problem.java:146)
d725 1
a725 1
	at com.ibm.witj.Problem.performAction(Problem.java:130)
@


1.5
log
@Removed static field staticCoordForBuild.
@
text
@d178 6
a183 6
JVMDUMP007I JVM Requesting Snap dump using '/home/rjw/u/wit/rjw/witj/test/data/Snap.20090921.180514.7811.0001.trc'
JVMDUMP010I Snap dump written to /home/rjw/u/wit/rjw/witj/test/data/Snap.20090921.180514.7811.0001.trc
JVMDUMP007I JVM Requesting Heap dump using '/home/rjw/u/wit/rjw/witj/test/data/heapdump.20090921.180514.7811.0002.phd'
JVMDUMP010I Heap dump written to /home/rjw/u/wit/rjw/witj/test/data/heapdump.20090921.180514.7811.0002.phd
JVMDUMP007I JVM Requesting Java dump using '/home/rjw/u/wit/rjw/witj/test/data/javacore.20090921.180514.7811.0003.txt'
JVMDUMP010I Java dump written to /home/rjw/u/wit/rjw/witj/test/data/javacore.20090921.180514.7811.0003.txt
d204 1
a204 1
	at com.ibm.witj.Problem.exhaustMemory(Problem.java:1248)
@


1.4
log
@Maded the static field Coordinator.selfTesting non-static.
@
text
@d178 6
a183 6
JVMDUMP007I JVM Requesting Snap dump using '/home/rjw/u/wit/rjw/witj/test/data/Snap.20090918.192709.10959.0001.trc'
JVMDUMP010I Snap dump written to /home/rjw/u/wit/rjw/witj/test/data/Snap.20090918.192709.10959.0001.trc
JVMDUMP007I JVM Requesting Heap dump using '/home/rjw/u/wit/rjw/witj/test/data/heapdump.20090918.192709.10959.0002.phd'
JVMDUMP010I Heap dump written to /home/rjw/u/wit/rjw/witj/test/data/heapdump.20090918.192709.10959.0002.phd
JVMDUMP007I JVM Requesting Java dump using '/home/rjw/u/wit/rjw/witj/test/data/javacore.20090918.192709.10959.0003.txt'
JVMDUMP010I Java dump written to /home/rjw/u/wit/rjw/witj/test/data/javacore.20090918.192709.10959.0003.txt
d334 1
a334 1
	at com.ibm.witj.CustAttImp$7.setInt(CustAttImp.java:138)
@


1.3
log
@Implemented synchronized WIT-J/C++/JNI set-up.
@
text
@d178 6
a183 6
JVMDUMP007I JVM Requesting Snap dump using '/home/rjw/u/wit/rjw/witj/test/data/Snap.20090918.143107.7502.0001.trc'
JVMDUMP010I Snap dump written to /home/rjw/u/wit/rjw/witj/test/data/Snap.20090918.143107.7502.0001.trc
JVMDUMP007I JVM Requesting Heap dump using '/home/rjw/u/wit/rjw/witj/test/data/heapdump.20090918.143107.7502.0002.phd'
JVMDUMP010I Heap dump written to /home/rjw/u/wit/rjw/witj/test/data/heapdump.20090918.143107.7502.0002.phd
JVMDUMP007I JVM Requesting Java dump using '/home/rjw/u/wit/rjw/witj/test/data/javacore.20090918.143107.7502.0003.txt'
JVMDUMP010I Java dump written to /home/rjw/u/wit/rjw/witj/test/data/javacore.20090918.143107.7502.0003.txt
d204 1
a204 1
	at com.ibm.witj.Problem.exhaustMemory(Problem.java:1236)
d680 2
a681 3
	at com.ibm.witj.Coordinator.<init>(Coordinator.java:402)
	at com.ibm.witj.Coordinator.newInstance(Coordinator.java:39)
	at com.ibm.witj.Problem.<init>(Problem.java:1138)
d693 1
a693 1
	... 11 more
@


1.2
log
@Implemented minimal thread safety:
   All calls to WIT-J must be from the same Thread or a StatusQuoException
   will be thrown.
@
text
@d178 6
a183 6
JVMDUMP007I JVM Requesting Snap dump using '/home/rjw/u/wit/rjw/witj/test/data/Snap.20090917.174227.11151.0001.trc'
JVMDUMP010I Snap dump written to /home/rjw/u/wit/rjw/witj/test/data/Snap.20090917.174227.11151.0001.trc
JVMDUMP007I JVM Requesting Heap dump using '/home/rjw/u/wit/rjw/witj/test/data/heapdump.20090917.174227.11151.0002.phd'
JVMDUMP010I Heap dump written to /home/rjw/u/wit/rjw/witj/test/data/heapdump.20090917.174227.11151.0002.phd
JVMDUMP007I JVM Requesting Java dump using '/home/rjw/u/wit/rjw/witj/test/data/javacore.20090917.174227.11151.0003.txt'
JVMDUMP010I Java dump written to /home/rjw/u/wit/rjw/witj/test/data/javacore.20090917.174227.11151.0003.txt
d678 1
a678 1
	at com.ibm.witj.CppObjRep.<init>(CppObjRep.java:60)
@


1.1
log
@Changed the names of some scripts and some output files.
@
text
@d42 1
a42 1
	at com.ibm.witj.TerminalException.notAllowedWhenTerminated(TerminalException.java:100)
d178 6
a183 6
JVMDUMP007I JVM Requesting Snap dump using '/home/rjw/u/wit/rjw/witj/test/data/Snap.20090806.102232.5175.0001.trc'
JVMDUMP010I Snap dump written to /home/rjw/u/wit/rjw/witj/test/data/Snap.20090806.102232.5175.0001.trc
JVMDUMP007I JVM Requesting Heap dump using '/home/rjw/u/wit/rjw/witj/test/data/heapdump.20090806.102232.5175.0002.phd'
JVMDUMP010I Heap dump written to /home/rjw/u/wit/rjw/witj/test/data/heapdump.20090806.102232.5175.0002.phd
JVMDUMP007I JVM Requesting Java dump using '/home/rjw/u/wit/rjw/witj/test/data/javacore.20090806.102232.5175.0003.txt'
JVMDUMP010I Java dump written to /home/rjw/u/wit/rjw/witj/test/data/javacore.20090806.102232.5175.0003.txt
@

