head	1.48;
access;
symbols;
locks; strict;
comment	@# @;


1.48
date	2011.09.30.15.24.06;	author rjw;	state Exp;
branches;
next	1.47;

1.47
date	2011.08.25.23.20.55;	author rjw;	state Exp;
branches;
next	1.46;

1.46
date	2011.06.03.15.13.40;	author rjw;	state Exp;
branches;
next	1.45;

1.45
date	2011.06.02.18.07.17;	author rjw;	state Exp;
branches;
next	1.44;

1.44
date	2011.05.04.22.15.47;	author rjw;	state Exp;
branches;
next	1.43;

1.43
date	2011.05.02.19.05.01;	author rjw;	state Exp;
branches;
next	1.42;

1.42
date	2011.05.02.18.32.39;	author rjw;	state Exp;
branches;
next	1.41;

1.41
date	2011.04.22.20.00.38;	author rjw;	state Exp;
branches;
next	1.40;

1.40
date	2011.04.13.16.00.22;	author rjw;	state Exp;
branches;
next	1.39;

1.39
date	2011.04.12.00.33.19;	author rjw;	state Exp;
branches;
next	1.38;

1.38
date	2011.04.08.20.56.44;	author rjw;	state Exp;
branches;
next	1.37;

1.37
date	2011.04.07.22.11.30;	author rjw;	state Exp;
branches;
next	1.36;

1.36
date	2011.04.07.21.39.36;	author rjw;	state Exp;
branches;
next	1.35;

1.35
date	2011.04.07.19.07.47;	author rjw;	state Exp;
branches;
next	1.34;

1.34
date	2011.04.06.20.34.41;	author rjw;	state Exp;
branches;
next	1.33;

1.33
date	2011.04.05.22.25.51;	author rjw;	state Exp;
branches;
next	1.32;

1.32
date	2011.03.31.17.35.52;	author rjw;	state Exp;
branches;
next	1.31;

1.31
date	2011.03.30.23.23.17;	author rjw;	state Exp;
branches;
next	1.30;

1.30
date	2011.03.30.19.49.57;	author rjw;	state Exp;
branches;
next	1.29;

1.29
date	2011.03.29.23.39.03;	author rjw;	state Exp;
branches;
next	1.28;

1.28
date	2011.03.25.22.49.37;	author rjw;	state Exp;
branches;
next	1.27;

1.27
date	2011.03.23.20.30.22;	author rjw;	state Exp;
branches;
next	1.26;

1.26
date	2011.03.22.22.24.21;	author rjw;	state Exp;
branches;
next	1.25;

1.25
date	2011.03.19.00.26.28;	author rjw;	state Exp;
branches;
next	1.24;

1.24
date	2011.03.12.00.30.05;	author rjw;	state Exp;
branches;
next	1.23;

1.23
date	2011.03.11.23.49.47;	author rjw;	state Exp;
branches;
next	1.22;

1.22
date	2011.03.09.22.35.43;	author rjw;	state Exp;
branches;
next	1.21;

1.21
date	2011.03.03.00.31.11;	author rjw;	state Exp;
branches;
next	1.20;

1.20
date	2011.03.02.23.54.00;	author rjw;	state Exp;
branches;
next	1.19;

1.19
date	2011.03.02.22.35.41;	author rjw;	state Exp;
branches;
next	1.18;

1.18
date	2011.02.28.23.17.57;	author rjw;	state Exp;
branches;
next	1.17;

1.17
date	2011.02.25.16.07.19;	author rjw;	state Exp;
branches;
next	1.16;

1.16
date	2011.02.18.18.51.42;	author rjw;	state Exp;
branches;
next	1.15;

1.15
date	2011.02.16.21.38.34;	author rjw;	state Exp;
branches;
next	1.14;

1.14
date	2011.02.16.21.03.26;	author rjw;	state Exp;
branches;
next	1.13;

1.13
date	2011.02.16.19.55.59;	author rjw;	state Exp;
branches;
next	1.12;

1.12
date	2011.02.15.20.21.57;	author rjw;	state Exp;
branches;
next	1.11;

1.11
date	2011.02.14.19.59.24;	author rjw;	state Exp;
branches;
next	1.10;

1.10
date	2011.02.11.17.07.03;	author rjw;	state Exp;
branches;
next	1.9;

1.9
date	2010.10.01.14.47.19;	author rjw;	state Exp;
branches;
next	1.8;

1.8
date	2010.09.08.18.15.35;	author rjw;	state Exp;
branches;
next	1.7;

1.7
date	2010.06.11.15.29.00;	author rjw;	state Exp;
branches;
next	1.6;

1.6
date	2010.04.23.22.41.23;	author rjw;	state Exp;
branches;
next	1.5;

1.5
date	2010.04.15.21.33.56;	author rjw;	state Exp;
branches;
next	1.4;

1.4
date	2010.04.14.15.42.16;	author rjw;	state Exp;
branches;
next	1.3;

1.3
date	2010.04.13.23.46.42;	author rjw;	state Exp;
branches;
next	1.2;

1.2
date	2010.04.09.23.10.47;	author rjw;	state Exp;
branches;
next	1.1;

1.1
date	2009.10.28.21.47.35;	author rjw;	state Exp;
branches;
next	;


desc
@@


1.48
log
@Revised for WIT revision.
@
text
@
--------------------------------------------------------------------------------
WIT-J Error Test Case 1:
Throws an instance of an unexpected Java Throwable class.
--------------------------------------------------------------------------------

com.ibm.witj.InternalErrorException: 

   An instance of an unexpected Throwable class was thrown from
   the Java side of WIT-J:

      class java.lang.NullPointerException

   This indicates an internal error in WIT-J.

   As a result of this Exception, WIT-J has terminated its functioning.
   No further calls to WIT-J methods should be made for the rest of
   the program process.

	at com.ibm.witj.InternalErrorException.newInstanceForUnexpJavaThrowable(InternalErrorException.java:71)
	at com.ibm.witj.WitjException.getExceptionToThrow(WitjException.java:83)
	at com.ibm.witj.Utility.getExceptionToThrow(Utility.java:32)
	at com.ibm.witj.Problem.performAction(Problem.java:152)
	at com.ibm.witj.test.ErrTester.testCase1(ErrTester.java:197)
	at com.ibm.witj.test.ErrTester.perfTest(ErrTester.java:65)
	at com.ibm.witj.test.ErrTester.performTest(ErrTester.java:35)
	at com.ibm.witj.test.Tester.main(Tester.java:47)
Caused by: java.lang.NullPointerException
	at com.ibm.witj.Problem.performAction(Problem.java:126)
	... 4 more

com.ibm.witj.StatusQuoException: 

   A WIT-J method was called after WIT-J had terminated its functioning.

      Method: Problem.newInstance

   This indicates an error in the application program.

   The state of WIT-J has not been changed.

	at com.ibm.witj.TerminalException.notAllowedWhenTerminated(TerminalException.java:98)
	at com.ibm.witj.Utility.notAllowedWhenTerminated(Utility.java:69)
	at com.ibm.witj.Problem.newInstance(Problem.java:47)
	at com.ibm.witj.test.ErrTester.testCase1(ErrTester.java:213)
	at com.ibm.witj.test.ErrTester.perfTest(ErrTester.java:65)
	at com.ibm.witj.test.ErrTester.performTest(ErrTester.java:35)
	at com.ibm.witj.test.Tester.main(Tester.java:47)

Successful completion of Error Test Case 1.

------------------------------
 Contents of ErrTester.output 
------------------------------

--------------------------------------------------------------------------------
WIT-J Error Test Case 2:
Fails a Java assertion.
--------------------------------------------------------------------------------

com.ibm.witj.InternalErrorException: 

   An AssertionError was thrown from the Java side of WIT-J.

   This indicates an internal error in WIT-J.

   As a result of this Exception, WIT-J has terminated its functioning.
   No further calls to WIT-J methods should be made for the rest of
   the program process.

	at com.ibm.witj.InternalErrorException.newInstanceForJavaAssertionError(InternalErrorException.java:49)
	at com.ibm.witj.WitjException.getExceptionToThrow(WitjException.java:69)
	at com.ibm.witj.Utility.getExceptionToThrow(Utility.java:32)
	at com.ibm.witj.Problem.performAction(Problem.java:152)
	at com.ibm.witj.test.ErrTester.testCase2(ErrTester.java:246)
	at com.ibm.witj.test.ErrTester.perfTest(ErrTester.java:69)
	at com.ibm.witj.test.ErrTester.performTest(ErrTester.java:35)
	at com.ibm.witj.test.Tester.main(Tester.java:47)
Caused by: java.lang.AssertionError
	at com.ibm.witj.Problem.performAction(Problem.java:112)
	... 4 more

Successful completion of Error Test Case 2.

------------------------------
 Contents of ErrTester.output 
------------------------------

--------------------------------------------------------------------------------
WIT-J Error Test Case 3:
Throws a C++ exception of an unexpected type.
The native method returns a value.
--------------------------------------------------------------------------------

com.ibm.witj.InternalErrorException: 

   A C++ exception of an unexpected type was thrown from the C++ side of WIT-J.

   This indicates an internal error in WIT-J.

   As a result of this Exception, WIT-J has terminated its functioning.
   No further calls to WIT-J methods should be made for the rest of
   the program process.

	at com.ibm.witj.ProblemCOR.throwUnexpException(Native Method)
	at com.ibm.witj.Problem.performAction(Problem.java:131)
	at com.ibm.witj.test.ErrTester.testCase3(ErrTester.java:280)
	at com.ibm.witj.test.ErrTester.perfTest(ErrTester.java:73)
	at com.ibm.witj.test.ErrTester.performTest(ErrTester.java:35)
	at com.ibm.witj.test.Tester.main(Tester.java:47)

Successful completion of Error Test Case 3.

------------------------------
 Contents of ErrTester.output 
------------------------------

--------------------------------------------------------------------------------
WIT-J Error Test Case 4:
Fails a C++ EXCEPTION_ASSERT.
--------------------------------------------------------------------------------

com.ibm.witj.InternalErrorException: 

    An assertion failure was incurred by the C++ side of WIT-J:

      Source File: ../src/Problem.C
      Line #:      63

   This indicates an internal error in WIT-J.

   As a result of this Exception, WIT-J has terminated its functioning.
   No further calls to WIT-J methods should be made for the rest of
   the program process.

	at com.ibm.witj.ProblemCOR.performAction(Native Method)
	at com.ibm.witj.Problem.performAction(Problem.java:102)
	at com.ibm.witj.test.ErrTester.testCase4(ErrTester.java:313)
	at com.ibm.witj.test.ErrTester.perfTest(ErrTester.java:77)
	at com.ibm.witj.test.ErrTester.performTest(ErrTester.java:35)
	at com.ibm.witj.test.Tester.main(Tester.java:47)

Successful completion of Error Test Case 4.

------------------------------
 Contents of ErrTester.output 
------------------------------

--------------------------------------------------------------------------------
WIT-J Error Test Case 5:
Fails a C++ ABORTING_ASSERT.
--------------------------------------------------------------------------------


WIT-J/C++ Internal Error:

   Assertion failure:
      Source File: ../src/Problem.C
      Line #:      144

Application Program aborted by WIT-J.

------------------------------
 Contents of ErrTester.output 
------------------------------

--------------------------------------------------------------------------------
WIT-J Error Test Case 6:
Exhausts memory in the WIT-J/Java code.
--------------------------------------------------------------------------------

100MB of memory have been allocated by WIT-J/Java.
200MB of memory have been allocated by WIT-J/Java.
300MB of memory have been allocated by WIT-J/Java.
400MB of memory have been allocated by WIT-J/Java.
500MB of memory have been allocated by WIT-J/Java.
JVMDUMP006I Processing dump event "systhrow", detail "java/lang/OutOfMemoryError" - please wait.
JVMDUMP007I JVM Requesting Snap dump using '/home/rjw/u/wit/rjw/witj/test/data/Snap.20110930.112101.5640.0001.trc'
JVMDUMP010I Snap dump written to /home/rjw/u/wit/rjw/witj/test/data/Snap.20110930.112101.5640.0001.trc
JVMDUMP007I JVM Requesting Heap dump using '/home/rjw/u/wit/rjw/witj/test/data/heapdump.20110930.112101.5640.0002.phd'
JVMDUMP010I Heap dump written to /home/rjw/u/wit/rjw/witj/test/data/heapdump.20110930.112101.5640.0002.phd
JVMDUMP007I JVM Requesting Java dump using '/home/rjw/u/wit/rjw/witj/test/data/javacore.20110930.112101.5640.0003.txt'
JVMDUMP010I Java dump written to /home/rjw/u/wit/rjw/witj/test/data/javacore.20110930.112101.5640.0003.txt
JVMDUMP013I Processed dump event "systhrow", detail "java/lang/OutOfMemoryError".

com.ibm.witj.OutOfMemoryException: 

   WIT-J has run out of memory.

   This occurred in WIT-J's Java code.

   As a result of this Exception, WIT-J has terminated its functioning.
   No further calls to WIT-J methods should be made for the rest of
   the program process.

	at com.ibm.witj.WitjException.getExceptionToThrow(WitjException.java:64)
	at com.ibm.witj.Utility.getExceptionToThrow(Utility.java:32)
	at com.ibm.witj.Problem.performAction(Problem.java:152)
	at com.ibm.witj.test.ErrTester.testCase6(ErrTester.java:367)
	at com.ibm.witj.test.ErrTester.perfTest(ErrTester.java:85)
	at com.ibm.witj.test.ErrTester.performTest(ErrTester.java:35)
	at com.ibm.witj.test.Tester.main(Tester.java:47)
Caused by: java.lang.OutOfMemoryError
	at com.ibm.witj.Problem.exhaustMemory(Problem.java:1610)
	at com.ibm.witj.Problem.performAction(Problem.java:117)
	... 4 more

Successful completion of Error Test Case 6.

------------------------------
 Contents of ErrTester.output 
------------------------------

--------------------------------------------------------------------------------
WIT-J Error Test Case 7:
Exhausts memory in the WIT-J/C++ code.
--------------------------------------------------------------------------------

100MB of memory have been allocated by WIT-J/C++.
200MB of memory have been allocated by WIT-J/C++.
300MB of memory have been allocated by WIT-J/C++.
400MB of memory have been allocated by WIT-J/C++.
500MB of memory have been allocated by WIT-J/C++.
600MB of memory have been allocated by WIT-J/C++.
700MB of memory have been allocated by WIT-J/C++.
800MB of memory have been allocated by WIT-J/C++.
900MB of memory have been allocated by WIT-J/C++.
1000MB of memory have been allocated by WIT-J/C++.
1100MB of memory have been allocated by WIT-J/C++.
1200MB of memory have been allocated by WIT-J/C++.
1300MB of memory have been allocated by WIT-J/C++.
1400MB of memory have been allocated by WIT-J/C++.
1500MB of memory have been allocated by WIT-J/C++.
1600MB of memory have been allocated by WIT-J/C++.
1700MB of memory have been allocated by WIT-J/C++.
1800MB of memory have been allocated by WIT-J/C++.
1900MB of memory have been allocated by WIT-J/C++.
2000MB of memory have been allocated by WIT-J/C++.
2100MB of memory have been allocated by WIT-J/C++.
2200MB of memory have been allocated by WIT-J/C++.
2300MB of memory have been allocated by WIT-J/C++.

com.ibm.witj.OutOfMemoryException: 

   WIT-J has run out of memory.

   This occurred in WIT-J's C++ code.

   As a result of this Exception, WIT-J has terminated its functioning.
   No further calls to WIT-J methods should be made for the rest of
   the program process.

	at com.ibm.witj.ProblemCOR.performAction(Native Method)
	at com.ibm.witj.Problem.performAction(Problem.java:102)
	at com.ibm.witj.test.ErrTester.testCase7(ErrTester.java:402)
	at com.ibm.witj.test.ErrTester.perfTest(ErrTester.java:89)
	at com.ibm.witj.test.ErrTester.performTest(ErrTester.java:35)
	at com.ibm.witj.test.Tester.main(Tester.java:47)

Successful completion of Error Test Case 7.

------------------------------
 Contents of ErrTester.output 
------------------------------

--------------------------------------------------------------------------------
WIT-J Error Test Case 8:
Triggers a JNI Exception.
--------------------------------------------------------------------------------

com.ibm.witj.InternalErrorException: 

   A Java Throwable was thrown during the execution of a JNI
   function called by the C++ side of WIT-J:

      class java.lang.NoClassDefFoundError

   This indicates an internal error in WIT-J.

   As a result of this Exception, WIT-J has terminated its functioning.
   No further calls to WIT-J methods should be made for the rest of
   the program process.

	at com.ibm.witj.InternalErrorException.newInstanceForThrowableFromJni(InternalErrorException.java:115)
	at com.ibm.witj.ProblemCOR.performAction(Native Method)
	at com.ibm.witj.Problem.performAction(Problem.java:102)
	at com.ibm.witj.test.ErrTester.testCase8(ErrTester.java:437)
	at com.ibm.witj.test.ErrTester.perfTest(ErrTester.java:93)
	at com.ibm.witj.test.ErrTester.performTest(ErrTester.java:35)
	at com.ibm.witj.test.Tester.main(Tester.java:47)
Caused by: java.lang.NoClassDefFoundError: Nonsense
	... 6 more
Caused by: java.lang.ClassNotFoundException: Nonsense
	at java.net.URLClassLoader.findClass(URLClassLoader.java:419)
	at java.lang.ClassLoader.loadClass(ClassLoader.java:643)
	at sun.misc.Launcher$AppClassLoader.loadClass(Launcher.java:300)
	at java.lang.ClassLoader.loadClass(ClassLoader.java:609)
	... 6 more

Successful completion of Error Test Case 8.

------------------------------
 Contents of ErrTester.output 
------------------------------

--------------------------------------------------------------------------------
WIT-J Error Test Case 10:
Attempts to set nPeriods to a negative number.
--------------------------------------------------------------------------------


WIT0322S Attribute is out of range.
            Value specified    : -3
            Range              : value >= 1
WIT0301S    Attribute          : nPeriods
WIT0310S    Function           : witSetNPeriods

WIT0863S WIT has encountered an error condition and is now throwing an
         exception of type WitErrorExc.
         The return code is 3.

com.ibm.witj.TerminalAppException: 

   WIT has issued a severe error message.

   This indicates an error in the application program.

   As a result of this Exception, WIT-J has terminated its functioning.
   No further calls to WIT-J methods should be made for the rest of
   the program process.

	at com.ibm.witj.ProblemCOR.setNPeriods(Native Method)
	at com.ibm.witj.Problem.setNPeriods(Problem.java:1533)
	at com.ibm.witj.CustAttImp$6.setInt(CustAttImp.java:102)
	at com.ibm.witj.Component.set(Component.java:70)
	at com.ibm.witj.test.ErrTester.testCase10(ErrTester.java:503)
	at com.ibm.witj.test.ErrTester.perfTest(ErrTester.java:101)
	at com.ibm.witj.test.ErrTester.performTest(ErrTester.java:35)
	at com.ibm.witj.test.Tester.main(Tester.java:47)

Successful completion of Error Test Case 10.

------------------------------
 Contents of ErrTester.output 
------------------------------

WIT0098I WIT function witSetNPeriods entered.

WIT0322S Attribute is out of range.
            Value specified    : -3
            Range              : value >= 1
WIT0301S    Attribute          : nPeriods
WIT0310S    Function           : witSetNPeriods

WIT0863S WIT has encountered an error condition and is now throwing an
         exception of type WitErrorExc.
         The return code is 3.


--------------------------------------------------------------------------------
WIT-J Error Test Case 11:
Causes WIT to issue a fatal message.
--------------------------------------------------------------------------------


WIT0543F Assertion failure:
            Source File: ../src/WitRun.C
            Line #:      403
            Assertion:   false


WIT0863S WIT has encountered an error condition and is now throwing an
         exception of type WitErrorExc.
         The return code is 4.

com.ibm.witj.InternalErrorException: 

   WIT has issued a fatal error message.

   This indicates an internal error in WIT-J.

   As a result of this Exception, WIT-J has terminated its functioning.
   No further calls to WIT-J methods should be made for the rest of
   the program process.

	at com.ibm.witj.ProblemCOR.performAction(Native Method)
	at com.ibm.witj.Problem.performAction(Problem.java:102)
	at com.ibm.witj.test.ErrTester.testCase11(ErrTester.java:536)
	at com.ibm.witj.test.ErrTester.perfTest(ErrTester.java:105)
	at com.ibm.witj.test.ErrTester.performTest(ErrTester.java:35)
	at com.ibm.witj.test.Tester.main(Tester.java:47)

Successful completion of Error Test Case 11.

------------------------------
 Contents of ErrTester.output 
------------------------------

WIT0098I WIT function witIssueFatalMesg entered.

WIT0543F Assertion failure:
            Source File: ../src/WitRun.C
            Line #:      403
            Assertion:   false

WIT0701I The above message indicates that there is a programming error in WIT.

WIT0863S WIT has encountered an error condition and is now throwing an
         exception of type WitErrorExc.
         The return code is 4.


--------------------------------------------------------------------------------
WIT-J Error Test Case 12:
Exhausts memory in WIT.
--------------------------------------------------------------------------------


WIT0404S Memory allocation error:
         
         There is not enough memory available for WIT to continue running.


WIT0863S WIT has encountered an error condition and is now throwing an
         exception of type WitErrorExc.
         The return code is 3.


com.ibm.witj.OutOfMemoryException: 

   WIT-J has run out of memory.

   This occurred in WIT.

   As a result of this Exception, WIT-J has terminated its functioning.
   No further calls to WIT-J methods should be made for the rest of
   the program process.

	at com.ibm.witj.ProblemCOR.performAction(Native Method)
	at com.ibm.witj.Problem.performAction(Problem.java:102)
	at com.ibm.witj.test.ErrTester.testCase12(ErrTester.java:569)
	at com.ibm.witj.test.ErrTester.perfTest(ErrTester.java:109)
	at com.ibm.witj.test.ErrTester.performTest(ErrTester.java:35)
	at com.ibm.witj.test.Tester.main(Tester.java:47)

Successful completion of Error Test Case 12.

------------------------------
 Contents of ErrTester.output 
------------------------------

WIT0098I WIT function witExhaustMemory entered.
WIT0869I  100MB of memory have been discarded.
WIT0869I  200MB of memory have been discarded.
WIT0869I  300MB of memory have been discarded.
WIT0869I  400MB of memory have been discarded.
WIT0869I  500MB of memory have been discarded.
WIT0869I  600MB of memory have been discarded.
WIT0869I  700MB of memory have been discarded.
WIT0869I  800MB of memory have been discarded.
WIT0869I  900MB of memory have been discarded.
WIT0869I 1000MB of memory have been discarded.
WIT0869I 1100MB of memory have been discarded.
WIT0869I 1200MB of memory have been discarded.
WIT0869I 1300MB of memory have been discarded.
WIT0869I 1400MB of memory have been discarded.
WIT0869I 1500MB of memory have been discarded.
WIT0869I 1600MB of memory have been discarded.
WIT0869I 1700MB of memory have been discarded.
WIT0869I 1800MB of memory have been discarded.
WIT0869I 1900MB of memory have been discarded.
WIT0869I 2000MB of memory have been discarded.
WIT0869I 2100MB of memory have been discarded.
WIT0869I 2200MB of memory have been discarded.
WIT0869I 2300MB of memory have been discarded.

WIT0404S Memory allocation error:
         
         There is not enough memory available for WIT to continue running.


WIT0863S WIT has encountered an error condition and is now throwing an
         exception of type WitErrorExc.
         The return code is 3.


--------------------------------------------------------------------------------
WIT-J Error Test Case 13:
Invokes readData on a file that does not exist.
--------------------------------------------------------------------------------


WIT0075S An error was encountered by the "fopen" function when attempting to
         open a file.
         
         File name:           "no-file.data"
         File opening mode:   "r"
         Fopen error number:  2
         Fopen error message: "No such file or directory"


WIT0863S WIT has encountered an error condition and is now throwing an
         exception of type WitErrorExc.
         The return code is 3.


com.ibm.witj.ReadDataException: 

   WIT has issued a severe error message while attempting to read
   a data file for the readData method of class Problem.

   This indicates an error in the data file.

   As a result of this Exception, WIT-J has terminated its functioning.
   No further calls to WIT-J methods should be made for the rest of
   the program process.

	at com.ibm.witj.ProblemCOR.readData(Native Method)
	at com.ibm.witj.Problem.readData(Problem.java:782)
	at com.ibm.witj.test.ErrTester.testCase13(ErrTester.java:604)
	at com.ibm.witj.test.ErrTester.perfTest(ErrTester.java:113)
	at com.ibm.witj.test.ErrTester.performTest(ErrTester.java:35)
	at com.ibm.witj.test.Tester.main(Tester.java:47)

Successful completion of Error Test Case 13.

------------------------------
 Contents of ErrTester.output 
------------------------------

WIT0098I WIT function witReadData entered.
WIT0100I The file "no-file.data" will be accessed.

WIT0075S An error was encountered by the "fopen" function when attempting to
         open a file.
         
         File name:           "no-file.data"
         File opening mode:   "r"
         Fopen error number:  2
         Fopen error message: "No such file or directory"


WIT0863S WIT has encountered an error condition and is now throwing an
         exception of type WitErrorExc.
         The return code is 3.


--------------------------------------------------------------------------------
WIT-J Error Test Case 14:
Invokes readData on a file that sets wit34Compatible to TRUE.
--------------------------------------------------------------------------------


WIT0988S The "wit34Compatible" attribute cannot be set in this application
         program.

WIT0355S    Input file name    : wit34.data
WIT0356S    Input file line number   : 3
WIT0310S    Function           : witReadData

WIT0863S WIT has encountered an error condition and is now throwing an
         exception of type WitErrorExc.
         The return code is 3.


com.ibm.witj.ReadDataException: 

   WIT has issued a severe error message while attempting to read
   a data file for the readData method of class Problem.

   This indicates an error in the data file.

   As a result of this Exception, WIT-J has terminated its functioning.
   No further calls to WIT-J methods should be made for the rest of
   the program process.

	at com.ibm.witj.ProblemCOR.readData(Native Method)
	at com.ibm.witj.Problem.readData(Problem.java:782)
	at com.ibm.witj.test.ErrTester.testCase14(ErrTester.java:639)
	at com.ibm.witj.test.ErrTester.perfTest(ErrTester.java:117)
	at com.ibm.witj.test.ErrTester.performTest(ErrTester.java:35)
	at com.ibm.witj.test.Tester.main(Tester.java:47)

Successful completion of Error Test Case 14.

------------------------------
 Contents of ErrTester.output 
------------------------------

WIT0098I WIT function witReadData entered.
WIT0100I The file "wit34.data" will be accessed.

WIT0988S The "wit34Compatible" attribute cannot be set in this application
         program.

WIT0355S    Input file name    : wit34.data
WIT0356S    Input file line number   : 3
WIT0310S    Function           : witReadData

WIT0863S WIT has encountered an error condition and is now throwing an
         exception of type WitErrorExc.
         The return code is 3.


--------------------------------------------------------------------------------
WIT-J Error Test Case 15:
Invokes readData on a file that contains a character in Latin-1.
--------------------------------------------------------------------------------

com.ibm.witj.BadCharacterException: 

   The readData method of class Problem found a string in the data
   file containing a non-UTF-8 character.

      Offending string (as a Java String): SÃ£o Paulo

   This indicates an error in the data file.

   As a result of this Exception, WIT-J has terminated its functioning.
   No further calls to WIT-J methods should be made for the rest of
   the program process.

	at com.ibm.witj.ProblemCOR.readData(Native Method)
	at com.ibm.witj.Problem.readData(Problem.java:782)
	at com.ibm.witj.test.ErrTester.testCase15(ErrTester.java:674)
	at com.ibm.witj.test.ErrTester.perfTest(ErrTester.java:121)
	at com.ibm.witj.test.ErrTester.performTest(ErrTester.java:35)
	at com.ibm.witj.test.Tester.main(Tester.java:47)

The offending String given in the BadCharacterException was: SÃ£o Paulo

Successful completion of Error Test Case 15.

------------------------------
 Contents of ErrTester.output 
------------------------------

WIT0098I WIT function witReadData entered.
WIT0100I The file "latin1.data" will be accessed.

WIT0098I WIT function witGetTitle entered.

WIT0098I WIT function witGetSolverLogFileName entered.
WIT0120I solverLogFileName returned.

WIT0098I WIT function witGetMultiObjMode entered.
WIT0120I multiObjMode returned.

WIT0098I WIT function witGetNPeriods entered.
WIT0120I nPeriods returned.

WIT0098I WIT function witGetObjItrState entered.

WIT0098I WIT function witAdvanceObjItr entered.

WIT0783I Object iteration has advanced to the following data object:

WIT0714I    Object Type:               Operation
WIT0716I    Operation Name:            "São Paulo"

WIT0098I WIT function witGetObjItrState entered.

WIT0098I WIT function witGetObjItrOperation entered.

--------------------------------------------------------------------------------
WIT-J Error Test Case 16:
Invokes WIT-J with a bad native library path.
--------------------------------------------------------------------------------

com.ibm.witj.TerminalAppException: 

   The Java portion of WIT-J was not able to load the native
   library "witj" for the C++ portion of WIT-J. This may
   indicate a problem with the native library path:

      java.library.path = "/invalid-library-path"

   This indicates an error in the application program.

   As a result of this Exception, WIT-J has terminated its functioning.
   No further calls to WIT-J methods should be made for the rest of
   the program process.

	at com.ibm.witj.TerminalAppException.newInstanceForLoadLibraryFailure(TerminalAppException.java:51)
	at com.ibm.witj.CppObjRep.setUpCppPortion(CppObjRep.java:96)
	at com.ibm.witj.CppObjRep.<init>(CppObjRep.java:54)
	at com.ibm.witj.CoordinatorCOR.<init>(CoordinatorCOR.java:30)
	at com.ibm.witj.Coordinator.<init>(Coordinator.java:33)
	at com.ibm.witj.Problem.newInstance(Problem.java:49)
	at com.ibm.witj.test.ErrTester.newProblem(ErrTester.java:768)
	at com.ibm.witj.test.ErrTester.testCase16(ErrTester.java:710)
	at com.ibm.witj.test.ErrTester.perfTest(ErrTester.java:125)
	at com.ibm.witj.test.ErrTester.performTest(ErrTester.java:35)
	at com.ibm.witj.test.Tester.main(Tester.java:47)
Caused by: java.lang.UnsatisfiedLinkError: witj (Not found in java.library.path)
	at java.lang.ClassLoader.loadLibraryWithPath(ClassLoader.java:993)
	at java.lang.ClassLoader.loadLibraryWithClassLoader(ClassLoader.java:962)
	at java.lang.System.loadLibrary(System.java:465)
	at com.ibm.witj.CppObjRep.setUpCppPortion(CppObjRep.java:91)
	... 9 more

Successful completion of Error Test Case 16.

--------------------------------------------------------------------------------
WIT-J Error Test Case 17:
Calls an unimplemented native method.
--------------------------------------------------------------------------------

com.ibm.witj.TerminalAppException: 

   An UnsatisfiedLinkError was thrown within the Java portion of
   WIT-J. This may indicate a problem linking to the native
   method implementations in the native library "witj" for the
   C++ portion of WIT-J.

      java.library.path = "../../cpp/linux"

   This indicates an error in the application program.

   As a result of this Exception, WIT-J has terminated its functioning.
   No further calls to WIT-J methods should be made for the rest of
   the program process.

	at com.ibm.witj.TerminalAppException.newInstanceForUnsatisfiedLink(TerminalAppException.java:79)
	at com.ibm.witj.WitjException.getExceptionToThrow(WitjException.java:76)
	at com.ibm.witj.Utility.getExceptionToThrow(Utility.java:32)
	at com.ibm.witj.Problem.performAction(Problem.java:152)
	at com.ibm.witj.test.ErrTester.testCase17(ErrTester.java:743)
	at com.ibm.witj.test.ErrTester.perfTest(ErrTester.java:129)
	at com.ibm.witj.test.ErrTester.performTest(ErrTester.java:35)
	at com.ibm.witj.test.Tester.main(Tester.java:47)
Caused by: java.lang.UnsatisfiedLinkError: com/ibm/witj/ProblemCOR.notImplemented()V
	at com.ibm.witj.Problem.performAction(Problem.java:136)
	... 4 more

Successful completion of Error Test Case 17.

------------------------------
 Contents of ErrTester.output 
------------------------------
@


1.47
log
@Revisions for the removal of COIN from WIT.
@
text
@d178 6
a183 6
JVMDUMP007I JVM Requesting Snap dump using '/home/rjw/u/wit/rjw/witj/test/data/Snap.20110825.180140.14106.0001.trc'
JVMDUMP010I Snap dump written to /home/rjw/u/wit/rjw/witj/test/data/Snap.20110825.180140.14106.0001.trc
JVMDUMP007I JVM Requesting Heap dump using '/home/rjw/u/wit/rjw/witj/test/data/heapdump.20110825.180140.14106.0002.phd'
JVMDUMP010I Heap dump written to /home/rjw/u/wit/rjw/witj/test/data/heapdump.20110825.180140.14106.0002.phd
JVMDUMP007I JVM Requesting Java dump using '/home/rjw/u/wit/rjw/witj/test/data/javacore.20110825.180140.14106.0003.txt'
JVMDUMP010I Java dump written to /home/rjw/u/wit/rjw/witj/test/data/javacore.20110825.180140.14106.0003.txt
d368 1
a368 1
            Line #:      398
d403 1
a403 1
            Line #:      398
@


1.46
log
@Removed Pair and Quadruple.
@
text
@d178 6
a183 6
JVMDUMP007I JVM Requesting Snap dump using '/home/rjw/u/wit/rjw/witj/test/data/Snap.20110603.110401.5436.0001.trc'
JVMDUMP010I Snap dump written to /home/rjw/u/wit/rjw/witj/test/data/Snap.20110603.110401.5436.0001.trc
JVMDUMP007I JVM Requesting Heap dump using '/home/rjw/u/wit/rjw/witj/test/data/heapdump.20110603.110401.5436.0002.phd'
JVMDUMP010I Heap dump written to /home/rjw/u/wit/rjw/witj/test/data/heapdump.20110603.110401.5436.0002.phd
JVMDUMP007I JVM Requesting Java dump using '/home/rjw/u/wit/rjw/witj/test/data/javacore.20110603.110401.5436.0003.txt'
JVMDUMP010I Java dump written to /home/rjw/u/wit/rjw/witj/test/data/javacore.20110603.110401.5436.0003.txt
d204 1
a204 1
	at com.ibm.witj.Problem.exhaustMemory(Problem.java:1630)
d333 1
a333 1
	at com.ibm.witj.Problem.setNPeriods(Problem.java:1553)
@


1.45
log
@getPgdCritList
@
text
@d178 6
a183 6
JVMDUMP007I JVM Requesting Snap dump using '/home/rjw/u/wit/rjw/witj/test/data/Snap.20110602.140521.7283.0001.trc'
JVMDUMP010I Snap dump written to /home/rjw/u/wit/rjw/witj/test/data/Snap.20110602.140521.7283.0001.trc
JVMDUMP007I JVM Requesting Heap dump using '/home/rjw/u/wit/rjw/witj/test/data/heapdump.20110602.140521.7283.0002.phd'
JVMDUMP010I Heap dump written to /home/rjw/u/wit/rjw/witj/test/data/heapdump.20110602.140521.7283.0002.phd
JVMDUMP007I JVM Requesting Java dump using '/home/rjw/u/wit/rjw/witj/test/data/javacore.20110602.140521.7283.0003.txt'
JVMDUMP010I Java dump written to /home/rjw/u/wit/rjw/witj/test/data/javacore.20110602.140521.7283.0003.txt
d204 1
a204 1
	at com.ibm.witj.Problem.exhaustMemory(Problem.java:1631)
d333 1
a333 1
	at com.ibm.witj.Problem.setNPeriods(Problem.java:1554)
d519 1
a519 1
	at com.ibm.witj.Problem.readData(Problem.java:783)
d578 1
a578 1
	at com.ibm.witj.Problem.readData(Problem.java:783)
d624 1
a624 1
	at com.ibm.witj.Problem.readData(Problem.java:783)
@


1.44
log
@setValue ==> set
getValue ==> get
@
text
@d178 6
a183 6
JVMDUMP007I JVM Requesting Snap dump using '/home/rjw/u/wit/rjw/witj/test/data/Snap.20110504.180203.6465.0001.trc'
JVMDUMP010I Snap dump written to /home/rjw/u/wit/rjw/witj/test/data/Snap.20110504.180203.6465.0001.trc
JVMDUMP007I JVM Requesting Heap dump using '/home/rjw/u/wit/rjw/witj/test/data/heapdump.20110504.180203.6465.0002.phd'
JVMDUMP010I Heap dump written to /home/rjw/u/wit/rjw/witj/test/data/heapdump.20110504.180203.6465.0002.phd
JVMDUMP007I JVM Requesting Java dump using '/home/rjw/u/wit/rjw/witj/test/data/javacore.20110504.180203.6465.0003.txt'
JVMDUMP010I Java dump written to /home/rjw/u/wit/rjw/witj/test/data/javacore.20110504.180203.6465.0003.txt
d204 1
a204 1
	at com.ibm.witj.Problem.exhaustMemory(Problem.java:1630)
d333 1
a333 1
	at com.ibm.witj.Problem.setNPeriods(Problem.java:1553)
d519 1
a519 1
	at com.ibm.witj.Problem.readData(Problem.java:782)
d578 1
a578 1
	at com.ibm.witj.Problem.readData(Problem.java:782)
d624 1
a624 1
	at com.ibm.witj.Problem.readData(Problem.java:782)
@


1.43
log
@Revised some comments.
@
text
@d178 6
a183 6
JVMDUMP007I JVM Requesting Snap dump using '/home/rjw/u/wit/rjw/witj/test/data/Snap.20110502.150320.9564.0001.trc'
JVMDUMP010I Snap dump written to /home/rjw/u/wit/rjw/witj/test/data/Snap.20110502.150320.9564.0001.trc
JVMDUMP007I JVM Requesting Heap dump using '/home/rjw/u/wit/rjw/witj/test/data/heapdump.20110502.150320.9564.0002.phd'
JVMDUMP010I Heap dump written to /home/rjw/u/wit/rjw/witj/test/data/heapdump.20110502.150320.9564.0002.phd
JVMDUMP007I JVM Requesting Java dump using '/home/rjw/u/wit/rjw/witj/test/data/javacore.20110502.150320.9564.0003.txt'
JVMDUMP010I Java dump written to /home/rjw/u/wit/rjw/witj/test/data/javacore.20110502.150320.9564.0003.txt
d334 2
a335 2
	at com.ibm.witj.CustAttImp$6.setInt(CustAttImp.java:103)
	at com.ibm.witj.Component.setValue(Component.java:70)
@


1.42
log
@Reduced heading comments.
@
text
@d27 1
a27 1
	at com.ibm.witj.test.Tester.main(Tester.java:45)
d48 1
a48 1
	at com.ibm.witj.test.Tester.main(Tester.java:45)
d78 1
a78 1
	at com.ibm.witj.test.Tester.main(Tester.java:45)
d110 1
a110 1
	at com.ibm.witj.test.Tester.main(Tester.java:45)
d141 1
a141 1
	at com.ibm.witj.test.Tester.main(Tester.java:45)
d178 6
a183 6
JVMDUMP007I JVM Requesting Snap dump using '/home/rjw/u/wit/rjw/witj/test/data/Snap.20110502.142939.8888.0001.trc'
JVMDUMP010I Snap dump written to /home/rjw/u/wit/rjw/witj/test/data/Snap.20110502.142939.8888.0001.trc
JVMDUMP007I JVM Requesting Heap dump using '/home/rjw/u/wit/rjw/witj/test/data/heapdump.20110502.142939.8888.0002.phd'
JVMDUMP010I Heap dump written to /home/rjw/u/wit/rjw/witj/test/data/heapdump.20110502.142939.8888.0002.phd
JVMDUMP007I JVM Requesting Java dump using '/home/rjw/u/wit/rjw/witj/test/data/javacore.20110502.142939.8888.0003.txt'
JVMDUMP010I Java dump written to /home/rjw/u/wit/rjw/witj/test/data/javacore.20110502.142939.8888.0003.txt
d202 1
a202 1
	at com.ibm.witj.test.Tester.main(Tester.java:45)
d258 1
a258 1
	at com.ibm.witj.test.Tester.main(Tester.java:45)
d290 1
a290 1
	at com.ibm.witj.test.Tester.main(Tester.java:45)
d339 1
a339 1
	at com.ibm.witj.test.Tester.main(Tester.java:45)
d391 1
a391 1
	at com.ibm.witj.test.Tester.main(Tester.java:45)
d444 1
a444 1
	at com.ibm.witj.test.Tester.main(Tester.java:45)
d523 1
a523 1
	at com.ibm.witj.test.Tester.main(Tester.java:45)
d582 1
a582 1
	at com.ibm.witj.test.Tester.main(Tester.java:45)
d628 1
a628 1
	at com.ibm.witj.test.Tester.main(Tester.java:45)
d694 1
a694 1
	at com.ibm.witj.test.Tester.main(Tester.java:45)
d731 1
a731 1
	at com.ibm.witj.test.Tester.main(Tester.java:45)
@


1.41
log
@Cleared up some of the code that was flagged with warnings by Eclipse.
@
text
@d20 8
a27 8
	at com.ibm.witj.InternalErrorException.newInstanceForUnexpJavaThrowable(InternalErrorException.java:73)
	at com.ibm.witj.WitjException.getExceptionToThrow(WitjException.java:85)
	at com.ibm.witj.Utility.getExceptionToThrow(Utility.java:34)
	at com.ibm.witj.Problem.performAction(Problem.java:154)
	at com.ibm.witj.test.ErrTester.testCase1(ErrTester.java:199)
	at com.ibm.witj.test.ErrTester.perfTest(ErrTester.java:67)
	at com.ibm.witj.test.ErrTester.performTest(ErrTester.java:37)
	at com.ibm.witj.test.Tester.main(Tester.java:47)
d29 1
a29 1
	at com.ibm.witj.Problem.performAction(Problem.java:128)
d42 7
a48 7
	at com.ibm.witj.TerminalException.notAllowedWhenTerminated(TerminalException.java:100)
	at com.ibm.witj.Utility.notAllowedWhenTerminated(Utility.java:71)
	at com.ibm.witj.Problem.newInstance(Problem.java:49)
	at com.ibm.witj.test.ErrTester.testCase1(ErrTester.java:215)
	at com.ibm.witj.test.ErrTester.perfTest(ErrTester.java:67)
	at com.ibm.witj.test.ErrTester.performTest(ErrTester.java:37)
	at com.ibm.witj.test.Tester.main(Tester.java:47)
d71 8
a78 8
	at com.ibm.witj.InternalErrorException.newInstanceForJavaAssertionError(InternalErrorException.java:51)
	at com.ibm.witj.WitjException.getExceptionToThrow(WitjException.java:71)
	at com.ibm.witj.Utility.getExceptionToThrow(Utility.java:34)
	at com.ibm.witj.Problem.performAction(Problem.java:154)
	at com.ibm.witj.test.ErrTester.testCase2(ErrTester.java:248)
	at com.ibm.witj.test.ErrTester.perfTest(ErrTester.java:71)
	at com.ibm.witj.test.ErrTester.performTest(ErrTester.java:37)
	at com.ibm.witj.test.Tester.main(Tester.java:47)
d80 1
a80 1
	at com.ibm.witj.Problem.performAction(Problem.java:114)
d106 5
a110 5
	at com.ibm.witj.Problem.performAction(Problem.java:133)
	at com.ibm.witj.test.ErrTester.testCase3(ErrTester.java:282)
	at com.ibm.witj.test.ErrTester.perfTest(ErrTester.java:75)
	at com.ibm.witj.test.ErrTester.performTest(ErrTester.java:37)
	at com.ibm.witj.test.Tester.main(Tester.java:47)
d137 5
a141 5
	at com.ibm.witj.Problem.performAction(Problem.java:104)
	at com.ibm.witj.test.ErrTester.testCase4(ErrTester.java:315)
	at com.ibm.witj.test.ErrTester.perfTest(ErrTester.java:79)
	at com.ibm.witj.test.ErrTester.performTest(ErrTester.java:37)
	at com.ibm.witj.test.Tester.main(Tester.java:47)
d178 6
a183 6
JVMDUMP007I JVM Requesting Snap dump using '/home/rjw/u/wit/rjw/witj/test/data/Snap.20110422.154304.6962.0001.trc'
JVMDUMP010I Snap dump written to /home/rjw/u/wit/rjw/witj/test/data/Snap.20110422.154304.6962.0001.trc
JVMDUMP007I JVM Requesting Heap dump using '/home/rjw/u/wit/rjw/witj/test/data/heapdump.20110422.154304.6962.0002.phd'
JVMDUMP010I Heap dump written to /home/rjw/u/wit/rjw/witj/test/data/heapdump.20110422.154304.6962.0002.phd
JVMDUMP007I JVM Requesting Java dump using '/home/rjw/u/wit/rjw/witj/test/data/javacore.20110422.154304.6962.0003.txt'
JVMDUMP010I Java dump written to /home/rjw/u/wit/rjw/witj/test/data/javacore.20110422.154304.6962.0003.txt
d196 7
a202 7
	at com.ibm.witj.WitjException.getExceptionToThrow(WitjException.java:66)
	at com.ibm.witj.Utility.getExceptionToThrow(Utility.java:34)
	at com.ibm.witj.Problem.performAction(Problem.java:154)
	at com.ibm.witj.test.ErrTester.testCase6(ErrTester.java:369)
	at com.ibm.witj.test.ErrTester.perfTest(ErrTester.java:87)
	at com.ibm.witj.test.ErrTester.performTest(ErrTester.java:37)
	at com.ibm.witj.test.Tester.main(Tester.java:47)
d204 2
a205 2
	at com.ibm.witj.Problem.exhaustMemory(Problem.java:1632)
	at com.ibm.witj.Problem.performAction(Problem.java:119)
d254 5
a258 5
	at com.ibm.witj.Problem.performAction(Problem.java:104)
	at com.ibm.witj.test.ErrTester.testCase7(ErrTester.java:404)
	at com.ibm.witj.test.ErrTester.perfTest(ErrTester.java:91)
	at com.ibm.witj.test.ErrTester.performTest(ErrTester.java:37)
	at com.ibm.witj.test.Tester.main(Tester.java:47)
d284 1
a284 1
	at com.ibm.witj.InternalErrorException.newInstanceForThrowableFromJni(InternalErrorException.java:117)
d286 5
a290 5
	at com.ibm.witj.Problem.performAction(Problem.java:104)
	at com.ibm.witj.test.ErrTester.testCase8(ErrTester.java:439)
	at com.ibm.witj.test.ErrTester.perfTest(ErrTester.java:95)
	at com.ibm.witj.test.ErrTester.performTest(ErrTester.java:37)
	at com.ibm.witj.test.Tester.main(Tester.java:47)
d333 7
a339 7
	at com.ibm.witj.Problem.setNPeriods(Problem.java:1555)
	at com.ibm.witj.CustAttImp$6.setInt(CustAttImp.java:105)
	at com.ibm.witj.Component.setValue(Component.java:72)
	at com.ibm.witj.test.ErrTester.testCase10(ErrTester.java:505)
	at com.ibm.witj.test.ErrTester.perfTest(ErrTester.java:103)
	at com.ibm.witj.test.ErrTester.performTest(ErrTester.java:37)
	at com.ibm.witj.test.Tester.main(Tester.java:47)
d387 5
a391 5
	at com.ibm.witj.Problem.performAction(Problem.java:104)
	at com.ibm.witj.test.ErrTester.testCase11(ErrTester.java:538)
	at com.ibm.witj.test.ErrTester.perfTest(ErrTester.java:107)
	at com.ibm.witj.test.ErrTester.performTest(ErrTester.java:37)
	at com.ibm.witj.test.Tester.main(Tester.java:47)
d440 5
a444 5
	at com.ibm.witj.Problem.performAction(Problem.java:104)
	at com.ibm.witj.test.ErrTester.testCase12(ErrTester.java:571)
	at com.ibm.witj.test.ErrTester.perfTest(ErrTester.java:111)
	at com.ibm.witj.test.ErrTester.performTest(ErrTester.java:37)
	at com.ibm.witj.test.Tester.main(Tester.java:47)
d519 5
a523 5
	at com.ibm.witj.Problem.readData(Problem.java:784)
	at com.ibm.witj.test.ErrTester.testCase13(ErrTester.java:606)
	at com.ibm.witj.test.ErrTester.perfTest(ErrTester.java:115)
	at com.ibm.witj.test.ErrTester.performTest(ErrTester.java:37)
	at com.ibm.witj.test.Tester.main(Tester.java:47)
d578 5
a582 5
	at com.ibm.witj.Problem.readData(Problem.java:784)
	at com.ibm.witj.test.ErrTester.testCase14(ErrTester.java:641)
	at com.ibm.witj.test.ErrTester.perfTest(ErrTester.java:119)
	at com.ibm.witj.test.ErrTester.performTest(ErrTester.java:37)
	at com.ibm.witj.test.Tester.main(Tester.java:47)
d624 5
a628 5
	at com.ibm.witj.Problem.readData(Problem.java:784)
	at com.ibm.witj.test.ErrTester.testCase15(ErrTester.java:676)
	at com.ibm.witj.test.ErrTester.perfTest(ErrTester.java:123)
	at com.ibm.witj.test.ErrTester.performTest(ErrTester.java:37)
	at com.ibm.witj.test.Tester.main(Tester.java:47)
d684 11
a694 11
	at com.ibm.witj.TerminalAppException.newInstanceForLoadLibraryFailure(TerminalAppException.java:53)
	at com.ibm.witj.CppObjRep.setUpCppPortion(CppObjRep.java:98)
	at com.ibm.witj.CppObjRep.<init>(CppObjRep.java:56)
	at com.ibm.witj.CoordinatorCOR.<init>(CoordinatorCOR.java:32)
	at com.ibm.witj.Coordinator.<init>(Coordinator.java:35)
	at com.ibm.witj.Problem.newInstance(Problem.java:51)
	at com.ibm.witj.test.ErrTester.newProblem(ErrTester.java:770)
	at com.ibm.witj.test.ErrTester.testCase16(ErrTester.java:712)
	at com.ibm.witj.test.ErrTester.perfTest(ErrTester.java:127)
	at com.ibm.witj.test.ErrTester.performTest(ErrTester.java:37)
	at com.ibm.witj.test.Tester.main(Tester.java:47)
d699 1
a699 1
	at com.ibm.witj.CppObjRep.setUpCppPortion(CppObjRep.java:93)
d724 8
a731 8
	at com.ibm.witj.TerminalAppException.newInstanceForUnsatisfiedLink(TerminalAppException.java:81)
	at com.ibm.witj.WitjException.getExceptionToThrow(WitjException.java:78)
	at com.ibm.witj.Utility.getExceptionToThrow(Utility.java:34)
	at com.ibm.witj.Problem.performAction(Problem.java:154)
	at com.ibm.witj.test.ErrTester.testCase17(ErrTester.java:745)
	at com.ibm.witj.test.ErrTester.perfTest(ErrTester.java:131)
	at com.ibm.witj.test.ErrTester.performTest(ErrTester.java:37)
	at com.ibm.witj.test.Tester.main(Tester.java:47)
d733 1
a733 1
	at com.ibm.witj.Problem.performAction(Problem.java:138)
@


1.40
log
@ArrayJOR classes
@
text
@d24 3
a26 3
	at com.ibm.witj.test.ErrTester.testCase1(ErrTester.java:201)
	at com.ibm.witj.test.ErrTester.perfTest(ErrTester.java:69)
	at com.ibm.witj.test.ErrTester.performTest(ErrTester.java:39)
d45 3
a47 3
	at com.ibm.witj.test.ErrTester.testCase1(ErrTester.java:217)
	at com.ibm.witj.test.ErrTester.perfTest(ErrTester.java:69)
	at com.ibm.witj.test.ErrTester.performTest(ErrTester.java:39)
d75 3
a77 3
	at com.ibm.witj.test.ErrTester.testCase2(ErrTester.java:250)
	at com.ibm.witj.test.ErrTester.perfTest(ErrTester.java:73)
	at com.ibm.witj.test.ErrTester.performTest(ErrTester.java:39)
d107 3
a109 3
	at com.ibm.witj.test.ErrTester.testCase3(ErrTester.java:284)
	at com.ibm.witj.test.ErrTester.perfTest(ErrTester.java:77)
	at com.ibm.witj.test.ErrTester.performTest(ErrTester.java:39)
d138 3
a140 3
	at com.ibm.witj.test.ErrTester.testCase4(ErrTester.java:317)
	at com.ibm.witj.test.ErrTester.perfTest(ErrTester.java:81)
	at com.ibm.witj.test.ErrTester.performTest(ErrTester.java:39)
d178 6
a183 6
JVMDUMP007I JVM Requesting Snap dump using '/home/rjw/u/wit/rjw/witj/test/data/Snap.20110413.115837.31128.0001.trc'
JVMDUMP010I Snap dump written to /home/rjw/u/wit/rjw/witj/test/data/Snap.20110413.115837.31128.0001.trc
JVMDUMP007I JVM Requesting Heap dump using '/home/rjw/u/wit/rjw/witj/test/data/heapdump.20110413.115837.31128.0002.phd'
JVMDUMP010I Heap dump written to /home/rjw/u/wit/rjw/witj/test/data/heapdump.20110413.115837.31128.0002.phd
JVMDUMP007I JVM Requesting Java dump using '/home/rjw/u/wit/rjw/witj/test/data/javacore.20110413.115837.31128.0003.txt'
JVMDUMP010I Java dump written to /home/rjw/u/wit/rjw/witj/test/data/javacore.20110413.115837.31128.0003.txt
d199 3
a201 3
	at com.ibm.witj.test.ErrTester.testCase6(ErrTester.java:371)
	at com.ibm.witj.test.ErrTester.perfTest(ErrTester.java:89)
	at com.ibm.witj.test.ErrTester.performTest(ErrTester.java:39)
d255 3
a257 3
	at com.ibm.witj.test.ErrTester.testCase7(ErrTester.java:406)
	at com.ibm.witj.test.ErrTester.perfTest(ErrTester.java:93)
	at com.ibm.witj.test.ErrTester.performTest(ErrTester.java:39)
d287 3
a289 3
	at com.ibm.witj.test.ErrTester.testCase8(ErrTester.java:441)
	at com.ibm.witj.test.ErrTester.perfTest(ErrTester.java:97)
	at com.ibm.witj.test.ErrTester.performTest(ErrTester.java:39)
d334 1
a334 1
	at com.ibm.witj.CustAttImp$6.setInt(CustAttImp.java:108)
d336 3
a338 3
	at com.ibm.witj.test.ErrTester.testCase10(ErrTester.java:507)
	at com.ibm.witj.test.ErrTester.perfTest(ErrTester.java:105)
	at com.ibm.witj.test.ErrTester.performTest(ErrTester.java:39)
d388 3
a390 3
	at com.ibm.witj.test.ErrTester.testCase11(ErrTester.java:540)
	at com.ibm.witj.test.ErrTester.perfTest(ErrTester.java:109)
	at com.ibm.witj.test.ErrTester.performTest(ErrTester.java:39)
d441 3
a443 3
	at com.ibm.witj.test.ErrTester.testCase12(ErrTester.java:573)
	at com.ibm.witj.test.ErrTester.perfTest(ErrTester.java:113)
	at com.ibm.witj.test.ErrTester.performTest(ErrTester.java:39)
d520 3
a522 3
	at com.ibm.witj.test.ErrTester.testCase13(ErrTester.java:608)
	at com.ibm.witj.test.ErrTester.perfTest(ErrTester.java:117)
	at com.ibm.witj.test.ErrTester.performTest(ErrTester.java:39)
d579 3
a581 3
	at com.ibm.witj.test.ErrTester.testCase14(ErrTester.java:643)
	at com.ibm.witj.test.ErrTester.perfTest(ErrTester.java:121)
	at com.ibm.witj.test.ErrTester.performTest(ErrTester.java:39)
d625 3
a627 3
	at com.ibm.witj.test.ErrTester.testCase15(ErrTester.java:678)
	at com.ibm.witj.test.ErrTester.perfTest(ErrTester.java:125)
	at com.ibm.witj.test.ErrTester.performTest(ErrTester.java:39)
d690 4
a693 4
	at com.ibm.witj.test.ErrTester.newProblem(ErrTester.java:774)
	at com.ibm.witj.test.ErrTester.testCase16(ErrTester.java:716)
	at com.ibm.witj.test.ErrTester.perfTest(ErrTester.java:129)
	at com.ibm.witj.test.ErrTester.performTest(ErrTester.java:39)
d728 3
a730 3
	at com.ibm.witj.test.ErrTester.testCase17(ErrTester.java:749)
	at com.ibm.witj.test.ErrTester.perfTest(ErrTester.java:133)
	at com.ibm.witj.test.ErrTester.performTest(ErrTester.java:39)
@


1.39
log
@Class StringJOR
@
text
@d128 1
a128 1
      Line #:      64
d159 1
a159 1
      Line #:      145
d178 6
a183 6
JVMDUMP007I JVM Requesting Snap dump using '/home/rjw/u/wit/rjw/witj/test/data/Snap.20110411.203116.13167.0001.trc'
JVMDUMP010I Snap dump written to /home/rjw/u/wit/rjw/witj/test/data/Snap.20110411.203116.13167.0001.trc
JVMDUMP007I JVM Requesting Heap dump using '/home/rjw/u/wit/rjw/witj/test/data/heapdump.20110411.203116.13167.0002.phd'
JVMDUMP010I Heap dump written to /home/rjw/u/wit/rjw/witj/test/data/heapdump.20110411.203116.13167.0002.phd
JVMDUMP007I JVM Requesting Java dump using '/home/rjw/u/wit/rjw/witj/test/data/javacore.20110411.203116.13167.0003.txt'
JVMDUMP010I Java dump written to /home/rjw/u/wit/rjw/witj/test/data/javacore.20110411.203116.13167.0003.txt
@


1.38
log
@copyComponentData
@
text
@d128 1
a128 1
      Line #:      63
d159 1
a159 1
      Line #:      144
d178 6
a183 6
JVMDUMP007I JVM Requesting Snap dump using '/home/rjw/u/wit/rjw/witj/test/data/Snap.20110408.165352.12152.0001.trc'
JVMDUMP010I Snap dump written to /home/rjw/u/wit/rjw/witj/test/data/Snap.20110408.165352.12152.0001.trc
JVMDUMP007I JVM Requesting Heap dump using '/home/rjw/u/wit/rjw/witj/test/data/heapdump.20110408.165352.12152.0002.phd'
JVMDUMP010I Heap dump written to /home/rjw/u/wit/rjw/witj/test/data/heapdump.20110408.165352.12152.0002.phd
JVMDUMP007I JVM Requesting Java dump using '/home/rjw/u/wit/rjw/witj/test/data/javacore.20110408.165352.12152.0003.txt'
JVMDUMP010I Java dump written to /home/rjw/u/wit/rjw/witj/test/data/javacore.20110408.165352.12152.0003.txt
@


1.37
log
@getSortedOperations
@
text
@d128 1
a128 1
      Line #:      56
d159 1
a159 1
      Line #:      137
d178 6
a183 6
JVMDUMP007I JVM Requesting Snap dump using '/home/rjw/u/wit/rjw/witj/test/data/Snap.20110407.180902.11471.0001.trc'
JVMDUMP010I Snap dump written to /home/rjw/u/wit/rjw/witj/test/data/Snap.20110407.180902.11471.0001.trc
JVMDUMP007I JVM Requesting Heap dump using '/home/rjw/u/wit/rjw/witj/test/data/heapdump.20110407.180902.11471.0002.phd'
JVMDUMP010I Heap dump written to /home/rjw/u/wit/rjw/witj/test/data/heapdump.20110407.180902.11471.0002.phd
JVMDUMP007I JVM Requesting Java dump using '/home/rjw/u/wit/rjw/witj/test/data/javacore.20110407.180902.11471.0003.txt'
JVMDUMP010I Java dump written to /home/rjw/u/wit/rjw/witj/test/data/javacore.20110407.180902.11471.0003.txt
@


1.36
log
@getSortedParts
@
text
@d178 6
a183 6
JVMDUMP007I JVM Requesting Snap dump using '/home/rjw/u/wit/rjw/witj/test/data/Snap.20110407.173728.10331.0001.trc'
JVMDUMP010I Snap dump written to /home/rjw/u/wit/rjw/witj/test/data/Snap.20110407.173728.10331.0001.trc
JVMDUMP007I JVM Requesting Heap dump using '/home/rjw/u/wit/rjw/witj/test/data/heapdump.20110407.173728.10331.0002.phd'
JVMDUMP010I Heap dump written to /home/rjw/u/wit/rjw/witj/test/data/heapdump.20110407.173728.10331.0002.phd
JVMDUMP007I JVM Requesting Java dump using '/home/rjw/u/wit/rjw/witj/test/data/javacore.20110407.173728.10331.0003.txt'
JVMDUMP010I Java dump written to /home/rjw/u/wit/rjw/witj/test/data/javacore.20110407.173728.10331.0003.txt
d204 1
a204 1
	at com.ibm.witj.Problem.exhaustMemory(Problem.java:1604)
d333 1
a333 1
	at com.ibm.witj.Problem.setNPeriods(Problem.java:1527)
d519 1
a519 1
	at com.ibm.witj.Problem.readData(Problem.java:756)
d578 1
a578 1
	at com.ibm.witj.Problem.readData(Problem.java:756)
d624 1
a624 1
	at com.ibm.witj.Problem.readData(Problem.java:756)
@


1.35
log
@getExpCycle
@
text
@d178 6
a183 6
JVMDUMP007I JVM Requesting Snap dump using '/home/rjw/u/wit/rjw/witj/test/data/Snap.20110407.150458.8121.0001.trc'
JVMDUMP010I Snap dump written to /home/rjw/u/wit/rjw/witj/test/data/Snap.20110407.150458.8121.0001.trc
JVMDUMP007I JVM Requesting Heap dump using '/home/rjw/u/wit/rjw/witj/test/data/heapdump.20110407.150458.8121.0002.phd'
JVMDUMP010I Heap dump written to /home/rjw/u/wit/rjw/witj/test/data/heapdump.20110407.150458.8121.0002.phd
JVMDUMP007I JVM Requesting Java dump using '/home/rjw/u/wit/rjw/witj/test/data/javacore.20110407.150458.8121.0003.txt'
JVMDUMP010I Java dump written to /home/rjw/u/wit/rjw/witj/test/data/javacore.20110407.150458.8121.0003.txt
d204 1
a204 1
	at com.ibm.witj.Problem.exhaustMemory(Problem.java:1577)
d333 1
a333 1
	at com.ibm.witj.Problem.setNPeriods(Problem.java:1500)
d519 1
a519 1
	at com.ibm.witj.Problem.readData(Problem.java:729)
d578 1
a578 1
	at com.ibm.witj.Problem.readData(Problem.java:729)
d624 1
a624 1
	at com.ibm.witj.Problem.readData(Problem.java:729)
@


1.34
log
@getPgdCritList
@
text
@d178 6
a183 6
JVMDUMP007I JVM Requesting Snap dump using '/home/rjw/u/wit/rjw/witj/test/data/Snap.20110406.163205.1237.0001.trc'
JVMDUMP010I Snap dump written to /home/rjw/u/wit/rjw/witj/test/data/Snap.20110406.163205.1237.0001.trc
JVMDUMP007I JVM Requesting Heap dump using '/home/rjw/u/wit/rjw/witj/test/data/heapdump.20110406.163205.1237.0002.phd'
JVMDUMP010I Heap dump written to /home/rjw/u/wit/rjw/witj/test/data/heapdump.20110406.163205.1237.0002.phd
JVMDUMP007I JVM Requesting Java dump using '/home/rjw/u/wit/rjw/witj/test/data/javacore.20110406.163205.1237.0003.txt'
JVMDUMP010I Java dump written to /home/rjw/u/wit/rjw/witj/test/data/javacore.20110406.163205.1237.0003.txt
d204 1
a204 1
	at com.ibm.witj.Problem.exhaustMemory(Problem.java:1552)
d333 1
a333 1
	at com.ibm.witj.Problem.setNPeriods(Problem.java:1475)
d519 1
a519 1
	at com.ibm.witj.Problem.readData(Problem.java:704)
d578 1
a578 1
	at com.ibm.witj.Problem.readData(Problem.java:704)
d624 1
a624 1
	at com.ibm.witj.Problem.readData(Problem.java:704)
@


1.33
log
@Namespace JniUtil.
@
text
@d178 6
a183 6
JVMDUMP007I JVM Requesting Snap dump using '/home/rjw/u/wit/rjw/witj/test/data/Snap.20110405.165239.11269.0001.trc'
JVMDUMP010I Snap dump written to /home/rjw/u/wit/rjw/witj/test/data/Snap.20110405.165239.11269.0001.trc
JVMDUMP007I JVM Requesting Heap dump using '/home/rjw/u/wit/rjw/witj/test/data/heapdump.20110405.165239.11269.0002.phd'
JVMDUMP010I Heap dump written to /home/rjw/u/wit/rjw/witj/test/data/heapdump.20110405.165239.11269.0002.phd
JVMDUMP007I JVM Requesting Java dump using '/home/rjw/u/wit/rjw/witj/test/data/javacore.20110405.165239.11269.0003.txt'
JVMDUMP010I Java dump written to /home/rjw/u/wit/rjw/witj/test/data/javacore.20110405.165239.11269.0003.txt
d204 1
a204 1
	at com.ibm.witj.Problem.exhaustMemory(Problem.java:1514)
d333 1
a333 1
	at com.ibm.witj.Problem.setNPeriods(Problem.java:1437)
d519 1
a519 1
	at com.ibm.witj.Problem.readData(Problem.java:666)
d578 1
a578 1
	at com.ibm.witj.Problem.readData(Problem.java:666)
d624 1
a624 1
	at com.ibm.witj.Problem.readData(Problem.java:666)
@


1.32
log
@Problem.setObjectiveList
@
text
@d158 2
a159 2
      Source File: ../src/JniClient.C
      Line #:      81
d178 6
a183 6
JVMDUMP007I JVM Requesting Snap dump using '/home/rjw/u/wit/rjw/witj/test/data/Snap.20110331.131936.4633.0001.trc'
JVMDUMP010I Snap dump written to /home/rjw/u/wit/rjw/witj/test/data/Snap.20110331.131936.4633.0001.trc
JVMDUMP007I JVM Requesting Heap dump using '/home/rjw/u/wit/rjw/witj/test/data/heapdump.20110331.131936.4633.0002.phd'
JVMDUMP010I Heap dump written to /home/rjw/u/wit/rjw/witj/test/data/heapdump.20110331.131936.4633.0002.phd
JVMDUMP007I JVM Requesting Java dump using '/home/rjw/u/wit/rjw/witj/test/data/javacore.20110331.131936.4633.0003.txt'
JVMDUMP010I Java dump written to /home/rjw/u/wit/rjw/witj/test/data/javacore.20110331.131936.4633.0003.txt
@


1.31
log
@Revised set/get ObjectiveList for ArrayList <String>.
@
text
@d178 6
a183 6
JVMDUMP007I JVM Requesting Snap dump using '/home/rjw/u/wit/rjw/witj/test/data/Snap.20110330.191634.6051.0001.trc'
JVMDUMP010I Snap dump written to /home/rjw/u/wit/rjw/witj/test/data/Snap.20110330.191634.6051.0001.trc
JVMDUMP007I JVM Requesting Heap dump using '/home/rjw/u/wit/rjw/witj/test/data/heapdump.20110330.191634.6051.0002.phd'
JVMDUMP010I Heap dump written to /home/rjw/u/wit/rjw/witj/test/data/heapdump.20110330.191634.6051.0002.phd
JVMDUMP007I JVM Requesting Java dump using '/home/rjw/u/wit/rjw/witj/test/data/javacore.20110330.191634.6051.0003.txt'
JVMDUMP010I Java dump written to /home/rjw/u/wit/rjw/witj/test/data/javacore.20110330.191634.6051.0003.txt
d204 1
a204 1
	at com.ibm.witj.Problem.exhaustMemory(Problem.java:1499)
d333 1
a333 1
	at com.ibm.witj.Problem.setNPeriods(Problem.java:1422)
@


1.30
log
@C++ class JavaObjRep.
@
text
@d128 1
a128 1
      Line #:      57
d159 1
a159 1
      Line #:      110
d178 6
a183 6
JVMDUMP007I JVM Requesting Snap dump using '/home/rjw/u/wit/rjw/witj/test/data/Snap.20110330.154755.973.0001.trc'
JVMDUMP010I Snap dump written to /home/rjw/u/wit/rjw/witj/test/data/Snap.20110330.154755.973.0001.trc
JVMDUMP007I JVM Requesting Heap dump using '/home/rjw/u/wit/rjw/witj/test/data/heapdump.20110330.154755.973.0002.phd'
JVMDUMP010I Heap dump written to /home/rjw/u/wit/rjw/witj/test/data/heapdump.20110330.154755.973.0002.phd
JVMDUMP007I JVM Requesting Java dump using '/home/rjw/u/wit/rjw/witj/test/data/javacore.20110330.154755.973.0003.txt'
JVMDUMP010I Java dump written to /home/rjw/u/wit/rjw/witj/test/data/javacore.20110330.154755.973.0003.txt
d204 1
a204 1
	at com.ibm.witj.Problem.exhaustMemory(Problem.java:1486)
d333 1
a333 1
	at com.ibm.witj.Problem.setNPeriods(Problem.java:1409)
d519 1
a519 1
	at com.ibm.witj.Problem.readData(Problem.java:660)
d578 1
a578 1
	at com.ibm.witj.Problem.readData(Problem.java:660)
d624 1
a624 1
	at com.ibm.witj.Problem.readData(Problem.java:660)
@


1.29
log
@Replaced C++ class CORJOR with ComponentJOR.
@
text
@d159 1
a159 1
      Line #:      118
d178 6
a183 6
JVMDUMP007I JVM Requesting Snap dump using '/home/rjw/u/wit/rjw/witj/test/data/Snap.20110329.193600.15420.0001.trc'
JVMDUMP010I Snap dump written to /home/rjw/u/wit/rjw/witj/test/data/Snap.20110329.193600.15420.0001.trc
JVMDUMP007I JVM Requesting Heap dump using '/home/rjw/u/wit/rjw/witj/test/data/heapdump.20110329.193600.15420.0002.phd'
JVMDUMP010I Heap dump written to /home/rjw/u/wit/rjw/witj/test/data/heapdump.20110329.193600.15420.0002.phd
JVMDUMP007I JVM Requesting Java dump using '/home/rjw/u/wit/rjw/witj/test/data/javacore.20110329.193600.15420.0003.txt'
JVMDUMP010I Java dump written to /home/rjw/u/wit/rjw/witj/test/data/javacore.20110329.193600.15420.0003.txt
@


1.28
log
@ArrayListJOR
@
text
@d159 1
a159 1
      Line #:      119
d178 6
a183 6
JVMDUMP007I JVM Requesting Snap dump using '/home/rjw/u/wit/rjw/witj/test/data/Snap.20110325.184424.12543.0001.trc'
JVMDUMP010I Snap dump written to /home/rjw/u/wit/rjw/witj/test/data/Snap.20110325.184424.12543.0001.trc
JVMDUMP007I JVM Requesting Heap dump using '/home/rjw/u/wit/rjw/witj/test/data/heapdump.20110325.184424.12543.0002.phd'
JVMDUMP010I Heap dump written to /home/rjw/u/wit/rjw/witj/test/data/heapdump.20110325.184424.12543.0002.phd
JVMDUMP007I JVM Requesting Java dump using '/home/rjw/u/wit/rjw/witj/test/data/javacore.20110325.184424.12543.0003.txt'
JVMDUMP010I Java dump written to /home/rjw/u/wit/rjw/witj/test/data/javacore.20110325.184424.12543.0003.txt
@


1.27
log
@AllocTripleALJOR
@
text
@d128 1
a128 1
      Line #:      58
d178 6
a183 6
JVMDUMP007I JVM Requesting Snap dump using '/home/rjw/u/wit/rjw/witj/test/data/Snap.20110323.162304.1870.0001.trc'
JVMDUMP010I Snap dump written to /home/rjw/u/wit/rjw/witj/test/data/Snap.20110323.162304.1870.0001.trc
JVMDUMP007I JVM Requesting Heap dump using '/home/rjw/u/wit/rjw/witj/test/data/heapdump.20110323.162304.1870.0002.phd'
JVMDUMP010I Heap dump written to /home/rjw/u/wit/rjw/witj/test/data/heapdump.20110323.162304.1870.0002.phd
JVMDUMP007I JVM Requesting Java dump using '/home/rjw/u/wit/rjw/witj/test/data/javacore.20110323.162304.1870.0003.txt'
JVMDUMP010I Java dump written to /home/rjw/u/wit/rjw/witj/test/data/javacore.20110323.162304.1870.0003.txt
d685 2
a686 2
	at com.ibm.witj.CppObjRep.setUpCppPortion(CppObjRep.java:99)
	at com.ibm.witj.CppObjRep.<init>(CppObjRep.java:57)
d699 1
a699 1
	at com.ibm.witj.CppObjRep.setUpCppPortion(CppObjRep.java:94)
@


1.26
log
@Replaced setPipSeq with clearPipSeq and appendToPipSeq.
@
text
@d178 6
a183 6
JVMDUMP007I JVM Requesting Snap dump using '/home/rjw/u/wit/rjw/witj/test/data/Snap.20110322.181821.9497.0001.trc'
JVMDUMP010I Snap dump written to /home/rjw/u/wit/rjw/witj/test/data/Snap.20110322.181821.9497.0001.trc
JVMDUMP007I JVM Requesting Heap dump using '/home/rjw/u/wit/rjw/witj/test/data/heapdump.20110322.181821.9497.0002.phd'
JVMDUMP010I Heap dump written to /home/rjw/u/wit/rjw/witj/test/data/heapdump.20110322.181821.9497.0002.phd
JVMDUMP007I JVM Requesting Java dump using '/home/rjw/u/wit/rjw/witj/test/data/javacore.20110322.181821.9497.0003.txt'
JVMDUMP010I Java dump written to /home/rjw/u/wit/rjw/witj/test/data/javacore.20110322.181821.9497.0003.txt
d204 1
a204 1
	at com.ibm.witj.Problem.exhaustMemory(Problem.java:1502)
d333 1
a333 1
	at com.ibm.witj.Problem.setNPeriods(Problem.java:1403)
d519 1
a519 1
	at com.ibm.witj.Problem.readData(Problem.java:654)
d578 1
a578 1
	at com.ibm.witj.Problem.readData(Problem.java:654)
d624 1
a624 1
	at com.ibm.witj.Problem.readData(Problem.java:654)
@


1.25
log
@Revised the arguments to eqHeurAlloc.
@
text
@d178 6
a183 6
JVMDUMP007I JVM Requesting Snap dump using '/home/rjw/u/wit/rjw/witj/test/data/Snap.20110318.202421.15652.0001.trc'
JVMDUMP010I Snap dump written to /home/rjw/u/wit/rjw/witj/test/data/Snap.20110318.202421.15652.0001.trc
JVMDUMP007I JVM Requesting Heap dump using '/home/rjw/u/wit/rjw/witj/test/data/heapdump.20110318.202421.15652.0002.phd'
JVMDUMP010I Heap dump written to /home/rjw/u/wit/rjw/witj/test/data/heapdump.20110318.202421.15652.0002.phd
JVMDUMP007I JVM Requesting Java dump using '/home/rjw/u/wit/rjw/witj/test/data/javacore.20110318.202421.15652.0003.txt'
JVMDUMP010I Java dump written to /home/rjw/u/wit/rjw/witj/test/data/javacore.20110318.202421.15652.0003.txt
d204 1
a204 1
	at com.ibm.witj.Problem.exhaustMemory(Problem.java:1533)
d333 1
a333 1
	at com.ibm.witj.Problem.setNPeriods(Problem.java:1407)
d519 1
a519 1
	at com.ibm.witj.Problem.readData(Problem.java:637)
d578 1
a578 1
	at com.ibm.witj.Problem.readData(Problem.java:637)
d624 1
a624 1
	at com.ibm.witj.Problem.readData(Problem.java:637)
@


1.24
log
@Problem.getCriticalList ()
@
text
@d159 1
a159 1
      Line #:      99
d178 6
a183 6
JVMDUMP007I JVM Requesting Snap dump using '/home/rjw/u/wit/rjw/witj/test/data/Snap.20110311.192738.15002.0001.trc'
JVMDUMP010I Snap dump written to /home/rjw/u/wit/rjw/witj/test/data/Snap.20110311.192738.15002.0001.trc
JVMDUMP007I JVM Requesting Heap dump using '/home/rjw/u/wit/rjw/witj/test/data/heapdump.20110311.192738.15002.0002.phd'
JVMDUMP010I Heap dump written to /home/rjw/u/wit/rjw/witj/test/data/heapdump.20110311.192738.15002.0002.phd
JVMDUMP007I JVM Requesting Java dump using '/home/rjw/u/wit/rjw/witj/test/data/javacore.20110311.192738.15002.0003.txt'
JVMDUMP010I Java dump written to /home/rjw/u/wit/rjw/witj/test/data/javacore.20110311.192738.15002.0003.txt
d204 1
a204 1
	at com.ibm.witj.Problem.exhaustMemory(Problem.java:1557)
d333 1
a333 1
	at com.ibm.witj.Problem.setNPeriods(Problem.java:1392)
d519 1
a519 1
	at com.ibm.witj.Problem.readData(Problem.java:622)
d578 1
a578 1
	at com.ibm.witj.Problem.readData(Problem.java:622)
d624 1
a624 1
	at com.ibm.witj.Problem.readData(Problem.java:622)
@


1.23
log
@Problem.getCriticalList ()
@
text
@d178 6
a183 6
JVMDUMP007I JVM Requesting Snap dump using '/home/rjw/u/wit/rjw/witj/test/data/Snap.20110311.183358.13168.0001.trc'
JVMDUMP010I Snap dump written to /home/rjw/u/wit/rjw/witj/test/data/Snap.20110311.183358.13168.0001.trc
JVMDUMP007I JVM Requesting Heap dump using '/home/rjw/u/wit/rjw/witj/test/data/heapdump.20110311.183358.13168.0002.phd'
JVMDUMP010I Heap dump written to /home/rjw/u/wit/rjw/witj/test/data/heapdump.20110311.183358.13168.0002.phd
JVMDUMP007I JVM Requesting Java dump using '/home/rjw/u/wit/rjw/witj/test/data/javacore.20110311.183358.13168.0003.txt'
JVMDUMP010I Java dump written to /home/rjw/u/wit/rjw/witj/test/data/javacore.20110311.183358.13168.0003.txt
d204 1
a204 1
	at com.ibm.witj.Problem.exhaustMemory(Problem.java:1553)
d333 1
a333 1
	at com.ibm.witj.Problem.setNPeriods(Problem.java:1388)
d519 1
a519 1
	at com.ibm.witj.Problem.readData(Problem.java:618)
d578 1
a578 1
	at com.ibm.witj.Problem.readData(Problem.java:618)
d624 1
a624 1
	at com.ibm.witj.Problem.readData(Problem.java:618)
@


1.22
log
@Replaced calls to ctors for Java Integer and Double with valueOf.
@
text
@d128 1
a128 1
      Line #:      57
d159 1
a159 1
      Line #:      101
d178 6
a183 6
JVMDUMP007I JVM Requesting Snap dump using '/home/rjw/u/wit/rjw/witj/test/data/Snap.20110309.173241.32239.0001.trc'
JVMDUMP010I Snap dump written to /home/rjw/u/wit/rjw/witj/test/data/Snap.20110309.173241.32239.0001.trc
JVMDUMP007I JVM Requesting Heap dump using '/home/rjw/u/wit/rjw/witj/test/data/heapdump.20110309.173241.32239.0002.phd'
JVMDUMP010I Heap dump written to /home/rjw/u/wit/rjw/witj/test/data/heapdump.20110309.173241.32239.0002.phd
JVMDUMP007I JVM Requesting Java dump using '/home/rjw/u/wit/rjw/witj/test/data/javacore.20110309.173241.32239.0003.txt'
JVMDUMP010I Java dump written to /home/rjw/u/wit/rjw/witj/test/data/javacore.20110309.173241.32239.0003.txt
d204 1
a204 1
	at com.ibm.witj.Problem.exhaustMemory(Problem.java:1532)
d333 1
a333 1
	at com.ibm.witj.Problem.setNPeriods(Problem.java:1367)
d519 1
a519 1
	at com.ibm.witj.Problem.readData(Problem.java:597)
d578 1
a578 1
	at com.ibm.witj.Problem.readData(Problem.java:597)
d624 1
a624 1
	at com.ibm.witj.Problem.readData(Problem.java:597)
@


1.21
log
@DefaultCase
@
text
@d159 1
a159 1
      Line #:      92
d178 6
a183 6
JVMDUMP007I JVM Requesting Snap dump using '/home/rjw/u/wit/rjw/witj/test/data/Snap.20110302.193011.6521.0001.trc'
JVMDUMP010I Snap dump written to /home/rjw/u/wit/rjw/witj/test/data/Snap.20110302.193011.6521.0001.trc
JVMDUMP007I JVM Requesting Heap dump using '/home/rjw/u/wit/rjw/witj/test/data/heapdump.20110302.193011.6521.0002.phd'
JVMDUMP010I Heap dump written to /home/rjw/u/wit/rjw/witj/test/data/heapdump.20110302.193011.6521.0002.phd
JVMDUMP007I JVM Requesting Java dump using '/home/rjw/u/wit/rjw/witj/test/data/javacore.20110302.193011.6521.0003.txt'
JVMDUMP010I Java dump written to /home/rjw/u/wit/rjw/witj/test/data/javacore.20110302.193011.6521.0003.txt
@


1.20
log
@DefaultCase
@
text
@d23 1
a23 1
	at com.ibm.witj.Problem.performAction(Problem.java:155)
d29 1
a29 1
	at com.ibm.witj.Problem.performAction(Problem.java:129)
d44 1
a44 1
	at com.ibm.witj.Problem.newInstance(Problem.java:50)
d74 1
a74 1
	at com.ibm.witj.Problem.performAction(Problem.java:155)
d80 1
a80 1
	at com.ibm.witj.Problem.performAction(Problem.java:115)
d106 1
a106 1
	at com.ibm.witj.Problem.performAction(Problem.java:134)
d137 1
a137 1
	at com.ibm.witj.Problem.performAction(Problem.java:105)
d178 6
a183 6
JVMDUMP007I JVM Requesting Snap dump using '/home/rjw/u/wit/rjw/witj/test/data/Snap.20110302.185204.5644.0001.trc'
JVMDUMP010I Snap dump written to /home/rjw/u/wit/rjw/witj/test/data/Snap.20110302.185204.5644.0001.trc
JVMDUMP007I JVM Requesting Heap dump using '/home/rjw/u/wit/rjw/witj/test/data/heapdump.20110302.185204.5644.0002.phd'
JVMDUMP010I Heap dump written to /home/rjw/u/wit/rjw/witj/test/data/heapdump.20110302.185204.5644.0002.phd
JVMDUMP007I JVM Requesting Java dump using '/home/rjw/u/wit/rjw/witj/test/data/javacore.20110302.185204.5644.0003.txt'
JVMDUMP010I Java dump written to /home/rjw/u/wit/rjw/witj/test/data/javacore.20110302.185204.5644.0003.txt
d198 1
a198 1
	at com.ibm.witj.Problem.performAction(Problem.java:155)
d204 2
a205 2
	at com.ibm.witj.Problem.exhaustMemory(Problem.java:1533)
	at com.ibm.witj.Problem.performAction(Problem.java:120)
d254 1
a254 1
	at com.ibm.witj.Problem.performAction(Problem.java:105)
d286 1
a286 1
	at com.ibm.witj.Problem.performAction(Problem.java:105)
d333 1
a333 1
	at com.ibm.witj.Problem.setNPeriods(Problem.java:1368)
d387 1
a387 1
	at com.ibm.witj.Problem.performAction(Problem.java:105)
d440 1
a440 1
	at com.ibm.witj.Problem.performAction(Problem.java:105)
d519 1
a519 1
	at com.ibm.witj.Problem.readData(Problem.java:598)
d578 1
a578 1
	at com.ibm.witj.Problem.readData(Problem.java:598)
d624 1
a624 1
	at com.ibm.witj.Problem.readData(Problem.java:598)
d689 1
a689 1
	at com.ibm.witj.Problem.newInstance(Problem.java:52)
d727 1
a727 1
	at com.ibm.witj.Problem.performAction(Problem.java:155)
d733 1
a733 1
	at com.ibm.witj.Problem.performAction(Problem.java:139)
@


1.19
log
@DefaultCase == CALCULATED
@
text
@d178 6
a183 6
JVMDUMP007I JVM Requesting Snap dump using '/home/rjw/u/wit/rjw/witj/test/data/Snap.20110302.173419.2880.0001.trc'
JVMDUMP010I Snap dump written to /home/rjw/u/wit/rjw/witj/test/data/Snap.20110302.173419.2880.0001.trc
JVMDUMP007I JVM Requesting Heap dump using '/home/rjw/u/wit/rjw/witj/test/data/heapdump.20110302.173419.2880.0002.phd'
JVMDUMP010I Heap dump written to /home/rjw/u/wit/rjw/witj/test/data/heapdump.20110302.173419.2880.0002.phd
JVMDUMP007I JVM Requesting Java dump using '/home/rjw/u/wit/rjw/witj/test/data/javacore.20110302.173419.2880.0003.txt'
JVMDUMP010I Java dump written to /home/rjw/u/wit/rjw/witj/test/data/javacore.20110302.173419.2880.0003.txt
d204 1
a204 1
	at com.ibm.witj.Problem.exhaustMemory(Problem.java:1560)
d333 1
a333 1
	at com.ibm.witj.Problem.setNPeriods(Problem.java:1395)
@


1.18
log
@Revised the default values for coinSelected and cplexSelected.
@
text
@d178 6
a183 6
JVMDUMP007I JVM Requesting Snap dump using '/home/rjw/u/wit/rjw/witj/test/data/Snap.20110228.181458.22137.0001.trc'
JVMDUMP010I Snap dump written to /home/rjw/u/wit/rjw/witj/test/data/Snap.20110228.181458.22137.0001.trc
JVMDUMP007I JVM Requesting Heap dump using '/home/rjw/u/wit/rjw/witj/test/data/heapdump.20110228.181458.22137.0002.phd'
JVMDUMP010I Heap dump written to /home/rjw/u/wit/rjw/witj/test/data/heapdump.20110228.181458.22137.0002.phd
JVMDUMP007I JVM Requesting Java dump using '/home/rjw/u/wit/rjw/witj/test/data/javacore.20110228.181458.22137.0003.txt'
JVMDUMP010I Java dump written to /home/rjw/u/wit/rjw/witj/test/data/javacore.20110228.181458.22137.0003.txt
d204 1
a204 1
	at com.ibm.witj.Problem.exhaustMemory(Problem.java:1527)
d333 1
a333 1
	at com.ibm.witj.Problem.setNPeriods(Problem.java:1333)
@


1.17
log
@Moved GlobalAspect responsibilities to class Problem.
Removed class GlobalAspect.
@
text
@d23 1
a23 1
	at com.ibm.witj.Problem.performAction(Problem.java:154)
d29 1
a29 1
	at com.ibm.witj.Problem.performAction(Problem.java:128)
d44 1
a44 1
	at com.ibm.witj.Problem.newInstance(Problem.java:49)
d74 1
a74 1
	at com.ibm.witj.Problem.performAction(Problem.java:154)
d80 1
a80 1
	at com.ibm.witj.Problem.performAction(Problem.java:114)
d106 1
a106 1
	at com.ibm.witj.Problem.performAction(Problem.java:133)
d137 1
a137 1
	at com.ibm.witj.Problem.performAction(Problem.java:104)
d178 6
a183 6
JVMDUMP007I JVM Requesting Snap dump using '/home/rjw/u/wit/rjw/witj/test/data/Snap.20110225.103122.6837.0001.trc'
JVMDUMP010I Snap dump written to /home/rjw/u/wit/rjw/witj/test/data/Snap.20110225.103122.6837.0001.trc
JVMDUMP007I JVM Requesting Heap dump using '/home/rjw/u/wit/rjw/witj/test/data/heapdump.20110225.103122.6837.0002.phd'
JVMDUMP010I Heap dump written to /home/rjw/u/wit/rjw/witj/test/data/heapdump.20110225.103122.6837.0002.phd
JVMDUMP007I JVM Requesting Java dump using '/home/rjw/u/wit/rjw/witj/test/data/javacore.20110225.103122.6837.0003.txt'
JVMDUMP010I Java dump written to /home/rjw/u/wit/rjw/witj/test/data/javacore.20110225.103122.6837.0003.txt
d198 1
a198 1
	at com.ibm.witj.Problem.performAction(Problem.java:154)
d204 2
a205 2
	at com.ibm.witj.Problem.exhaustMemory(Problem.java:1494)
	at com.ibm.witj.Problem.performAction(Problem.java:119)
d254 1
a254 1
	at com.ibm.witj.Problem.performAction(Problem.java:104)
d286 1
a286 1
	at com.ibm.witj.Problem.performAction(Problem.java:104)
d333 1
a333 1
	at com.ibm.witj.Problem.setNPeriods(Problem.java:1329)
d387 1
a387 1
	at com.ibm.witj.Problem.performAction(Problem.java:104)
d440 1
a440 1
	at com.ibm.witj.Problem.performAction(Problem.java:104)
d519 1
a519 1
	at com.ibm.witj.Problem.readData(Problem.java:597)
d578 1
a578 1
	at com.ibm.witj.Problem.readData(Problem.java:597)
d624 1
a624 1
	at com.ibm.witj.Problem.readData(Problem.java:597)
d689 1
a689 1
	at com.ibm.witj.Problem.newInstance(Problem.java:51)
d727 1
a727 1
	at com.ibm.witj.Problem.performAction(Problem.java:154)
d733 1
a733 1
	at com.ibm.witj.Problem.performAction(Problem.java:138)
@


1.16
log
@Fixed a bug in the assertion code.
@
text
@d23 1
a23 1
	at com.ibm.witj.Problem.performAction(Problem.java:151)
d29 1
a29 1
	at com.ibm.witj.Problem.performAction(Problem.java:125)
d44 1
a44 1
	at com.ibm.witj.Problem.newInstance(Problem.java:48)
d74 1
a74 1
	at com.ibm.witj.Problem.performAction(Problem.java:151)
d80 1
a80 1
	at com.ibm.witj.Problem.performAction(Problem.java:111)
d106 1
a106 1
	at com.ibm.witj.Problem.performAction(Problem.java:130)
d128 1
a128 1
      Line #:      49
d137 1
a137 1
	at com.ibm.witj.Problem.performAction(Problem.java:101)
d178 6
a183 6
JVMDUMP007I JVM Requesting Snap dump using '/home/rjw/u/wit/rjw/witj/test/data/Snap.20110218.133434.7498.0001.trc'
JVMDUMP010I Snap dump written to /home/rjw/u/wit/rjw/witj/test/data/Snap.20110218.133434.7498.0001.trc
JVMDUMP007I JVM Requesting Heap dump using '/home/rjw/u/wit/rjw/witj/test/data/heapdump.20110218.133434.7498.0002.phd'
JVMDUMP010I Heap dump written to /home/rjw/u/wit/rjw/witj/test/data/heapdump.20110218.133434.7498.0002.phd
JVMDUMP007I JVM Requesting Java dump using '/home/rjw/u/wit/rjw/witj/test/data/javacore.20110218.133434.7498.0003.txt'
JVMDUMP010I Java dump written to /home/rjw/u/wit/rjw/witj/test/data/javacore.20110218.133434.7498.0003.txt
d198 1
a198 1
	at com.ibm.witj.Problem.performAction(Problem.java:151)
d204 2
a205 2
	at com.ibm.witj.Problem.exhaustMemory(Problem.java:1306)
	at com.ibm.witj.Problem.performAction(Problem.java:116)
d254 1
a254 1
	at com.ibm.witj.Problem.performAction(Problem.java:101)
d286 1
a286 1
	at com.ibm.witj.Problem.performAction(Problem.java:101)
d332 2
a333 2
	at com.ibm.witj.GlobalAspectCOR.setNPeriods(Native Method)
	at com.ibm.witj.GlobalAspect.setNPeriods(GlobalAspect.java:224)
d387 1
a387 1
	at com.ibm.witj.Problem.performAction(Problem.java:101)
d440 1
a440 1
	at com.ibm.witj.Problem.performAction(Problem.java:101)
d519 1
a519 1
	at com.ibm.witj.Problem.readData(Problem.java:539)
d578 1
a578 1
	at com.ibm.witj.Problem.readData(Problem.java:539)
d624 1
a624 1
	at com.ibm.witj.Problem.readData(Problem.java:539)
d685 2
a686 2
	at com.ibm.witj.CppObjRep.setUpCppPortion(CppObjRep.java:100)
	at com.ibm.witj.CppObjRep.<init>(CppObjRep.java:58)
d689 1
a689 1
	at com.ibm.witj.Problem.newInstance(Problem.java:50)
d699 1
a699 1
	at com.ibm.witj.CppObjRep.setUpCppPortion(CppObjRep.java:95)
d727 1
a727 1
	at com.ibm.witj.Problem.performAction(Problem.java:151)
d733 1
a733 1
	at com.ibm.witj.Problem.performAction(Problem.java:135)
@


1.15
log
@CPLEX
@
text
@d178 6
a183 6
JVMDUMP007I JVM Requesting Snap dump using '/home/rjw/u/wit/rjw/witj/test/data/Snap.20110216.163639.1806.0001.trc'
JVMDUMP010I Snap dump written to /home/rjw/u/wit/rjw/witj/test/data/Snap.20110216.163639.1806.0001.trc
JVMDUMP007I JVM Requesting Heap dump using '/home/rjw/u/wit/rjw/witj/test/data/heapdump.20110216.163639.1806.0002.phd'
JVMDUMP010I Heap dump written to /home/rjw/u/wit/rjw/witj/test/data/heapdump.20110216.163639.1806.0002.phd
JVMDUMP007I JVM Requesting Java dump using '/home/rjw/u/wit/rjw/witj/test/data/javacore.20110216.163639.1806.0003.txt'
JVMDUMP010I Java dump written to /home/rjw/u/wit/rjw/witj/test/data/javacore.20110216.163639.1806.0003.txt
d366 1
a366 1
WIT0283F Strong assertion violation:
d369 1
d401 1
a401 1
WIT0283F Strong assertion violation:
d404 1
@


1.14
log
@CPLEX
@
text
@d178 6
a183 6
JVMDUMP007I JVM Requesting Snap dump using '/home/rjw/u/wit/rjw/witj/test/data/Snap.20110216.160028.1156.0001.trc'
JVMDUMP010I Snap dump written to /home/rjw/u/wit/rjw/witj/test/data/Snap.20110216.160028.1156.0001.trc
JVMDUMP007I JVM Requesting Heap dump using '/home/rjw/u/wit/rjw/witj/test/data/heapdump.20110216.160028.1156.0002.phd'
JVMDUMP010I Heap dump written to /home/rjw/u/wit/rjw/witj/test/data/heapdump.20110216.160028.1156.0002.phd
JVMDUMP007I JVM Requesting Java dump using '/home/rjw/u/wit/rjw/witj/test/data/javacore.20110216.160028.1156.0003.txt'
JVMDUMP010I Java dump written to /home/rjw/u/wit/rjw/witj/test/data/javacore.20110216.160028.1156.0003.txt
d204 1
a204 1
	at com.ibm.witj.Problem.exhaustMemory(Problem.java:1289)
d517 1
a517 1
	at com.ibm.witj.Problem.readData(Problem.java:522)
d576 1
a576 1
	at com.ibm.witj.Problem.readData(Problem.java:522)
d622 1
a622 1
	at com.ibm.witj.Problem.readData(Problem.java:522)
@


1.13
log
@CPLEX
@
text
@d159 1
a159 1
      Line #:      84
d178 6
a183 6
JVMDUMP007I JVM Requesting Snap dump using '/home/rjw/u/wit/rjw/witj/test/data/Snap.20110216.144336.32290.0001.trc'
JVMDUMP010I Snap dump written to /home/rjw/u/wit/rjw/witj/test/data/Snap.20110216.144336.32290.0001.trc
JVMDUMP007I JVM Requesting Heap dump using '/home/rjw/u/wit/rjw/witj/test/data/heapdump.20110216.144336.32290.0002.phd'
JVMDUMP010I Heap dump written to /home/rjw/u/wit/rjw/witj/test/data/heapdump.20110216.144336.32290.0002.phd
JVMDUMP007I JVM Requesting Java dump using '/home/rjw/u/wit/rjw/witj/test/data/javacore.20110216.144336.32290.0003.txt'
JVMDUMP010I Java dump written to /home/rjw/u/wit/rjw/witj/test/data/javacore.20110216.144336.32290.0003.txt
d204 1
a204 1
	at com.ibm.witj.Problem.exhaustMemory(Problem.java:1271)
d517 1
a517 1
	at com.ibm.witj.Problem.readData(Problem.java:504)
d576 1
a576 1
	at com.ibm.witj.Problem.readData(Problem.java:504)
d622 1
a622 1
	at com.ibm.witj.Problem.readData(Problem.java:504)
@


1.12
log
@CPLEX
@
text
@d178 6
a183 6
JVMDUMP007I JVM Requesting Snap dump using '/home/rjw/u/wit/rjw/witj/test/data/Snap.20110215.151439.8440.0001.trc'
JVMDUMP010I Snap dump written to /home/rjw/u/wit/rjw/witj/test/data/Snap.20110215.151439.8440.0001.trc
JVMDUMP007I JVM Requesting Heap dump using '/home/rjw/u/wit/rjw/witj/test/data/heapdump.20110215.151439.8440.0002.phd'
JVMDUMP010I Heap dump written to /home/rjw/u/wit/rjw/witj/test/data/heapdump.20110215.151439.8440.0002.phd
JVMDUMP007I JVM Requesting Java dump using '/home/rjw/u/wit/rjw/witj/test/data/javacore.20110215.151439.8440.0003.txt'
JVMDUMP010I Java dump written to /home/rjw/u/wit/rjw/witj/test/data/javacore.20110215.151439.8440.0003.txt
d204 1
a204 1
	at com.ibm.witj.Problem.exhaustMemory(Problem.java:1253)
d517 1
a517 1
	at com.ibm.witj.Problem.readData(Problem.java:486)
d576 1
a576 1
	at com.ibm.witj.Problem.readData(Problem.java:486)
d622 1
a622 1
	at com.ibm.witj.Problem.readData(Problem.java:486)
@


1.11
log
@CPLEX
@
text
@d159 1
a159 1
      Line #:      74
d178 6
a183 6
JVMDUMP007I JVM Requesting Snap dump using '/home/rjw/u/wit/rjw/witj/test/data/Snap.20110214.145802.7864.0001.trc'
JVMDUMP010I Snap dump written to /home/rjw/u/wit/rjw/witj/test/data/Snap.20110214.145802.7864.0001.trc
JVMDUMP007I JVM Requesting Heap dump using '/home/rjw/u/wit/rjw/witj/test/data/heapdump.20110214.145802.7864.0002.phd'
JVMDUMP010I Heap dump written to /home/rjw/u/wit/rjw/witj/test/data/heapdump.20110214.145802.7864.0002.phd
JVMDUMP007I JVM Requesting Java dump using '/home/rjw/u/wit/rjw/witj/test/data/javacore.20110214.145802.7864.0003.txt'
JVMDUMP010I Java dump written to /home/rjw/u/wit/rjw/witj/test/data/javacore.20110214.145802.7864.0003.txt
@


1.10
log
@CPLEX
@
text
@d159 1
a159 1
      Line #:      69
d178 6
a183 6
JVMDUMP007I JVM Requesting Snap dump using '/home/rjw/u/wit/rjw/witj/test/data/Snap.20110211.110056.5331.0001.trc'
JVMDUMP010I Snap dump written to /home/rjw/u/wit/rjw/witj/test/data/Snap.20110211.110056.5331.0001.trc
JVMDUMP007I JVM Requesting Heap dump using '/home/rjw/u/wit/rjw/witj/test/data/heapdump.20110211.110056.5331.0002.phd'
JVMDUMP010I Heap dump written to /home/rjw/u/wit/rjw/witj/test/data/heapdump.20110211.110056.5331.0002.phd
JVMDUMP007I JVM Requesting Java dump using '/home/rjw/u/wit/rjw/witj/test/data/javacore.20110211.110056.5331.0003.txt'
JVMDUMP010I Java dump written to /home/rjw/u/wit/rjw/witj/test/data/javacore.20110211.110056.5331.0003.txt
d204 1
a204 1
	at com.ibm.witj.Problem.exhaustMemory(Problem.java:1219)
d517 1
a517 1
	at com.ibm.witj.Problem.readData(Problem.java:452)
d576 1
a576 1
	at com.ibm.witj.Problem.readData(Problem.java:452)
d622 1
a622 1
	at com.ibm.witj.Problem.readData(Problem.java:452)
@


1.9
log
@Modifiable Heuristic Allocation
@
text
@d178 6
a183 6
JVMDUMP007I JVM Requesting Snap dump using '/home/rjw/u/wit/rjw/witj/test/data/Snap.20101001.104620.5413.0001.trc'
JVMDUMP010I Snap dump written to /home/rjw/u/wit/rjw/witj/test/data/Snap.20101001.104620.5413.0001.trc
JVMDUMP007I JVM Requesting Heap dump using '/home/rjw/u/wit/rjw/witj/test/data/heapdump.20101001.104620.5413.0002.phd'
JVMDUMP010I Heap dump written to /home/rjw/u/wit/rjw/witj/test/data/heapdump.20101001.104620.5413.0002.phd
JVMDUMP007I JVM Requesting Java dump using '/home/rjw/u/wit/rjw/witj/test/data/javacore.20101001.104620.5413.0003.txt'
JVMDUMP010I Java dump written to /home/rjw/u/wit/rjw/witj/test/data/javacore.20101001.104620.5413.0003.txt
d648 1
a648 1
WIT0413I Returned value of attribute nPeriods is 26.
@


1.8
log
@Test output updated for changes in WIT.
@
text
@d178 6
a183 6
JVMDUMP007I JVM Requesting Snap dump using '/home/rjw/u/wit/rjw/witj/test/data/Snap.20100908.140821.29984.0001.trc'
JVMDUMP010I Snap dump written to /home/rjw/u/wit/rjw/witj/test/data/Snap.20100908.140821.29984.0001.trc
JVMDUMP007I JVM Requesting Heap dump using '/home/rjw/u/wit/rjw/witj/test/data/heapdump.20100908.140821.29984.0002.phd'
JVMDUMP010I Heap dump written to /home/rjw/u/wit/rjw/witj/test/data/heapdump.20100908.140821.29984.0002.phd
JVMDUMP007I JVM Requesting Java dump using '/home/rjw/u/wit/rjw/witj/test/data/javacore.20100908.140821.29984.0003.txt'
JVMDUMP010I Java dump written to /home/rjw/u/wit/rjw/witj/test/data/javacore.20100908.140821.29984.0003.txt
d368 1
a368 1
            Line #:      423
d402 1
a402 1
            Line #:      423
d714 1
a714 1
      java.library.path = "/home/rjw/u/wit/rjw/witj/cpp/linux"
@


1.7
log
@Modified error test case 16 to work correctly on Cygwin.
@
text
@d178 6
a183 6
JVMDUMP007I JVM Requesting Snap dump using '/home/rjw/u/wit/rjw/witj/test/data/Snap.20100611.111913.5697.0001.trc'
JVMDUMP010I Snap dump written to /home/rjw/u/wit/rjw/witj/test/data/Snap.20100611.111913.5697.0001.trc
JVMDUMP007I JVM Requesting Heap dump using '/home/rjw/u/wit/rjw/witj/test/data/heapdump.20100611.111913.5697.0002.phd'
JVMDUMP010I Heap dump written to /home/rjw/u/wit/rjw/witj/test/data/heapdump.20100611.111913.5697.0002.phd
JVMDUMP007I JVM Requesting Java dump using '/home/rjw/u/wit/rjw/witj/test/data/javacore.20100611.111913.5697.0003.txt'
JVMDUMP010I Java dump written to /home/rjw/u/wit/rjw/witj/test/data/javacore.20100611.111913.5697.0003.txt
d368 1
a368 1
            Line #:      397
d402 1
a402 1
            Line #:      397
@


1.6
log
@Multi-Obj Mode.
@
text
@d178 6
a183 6
JVMDUMP007I JVM Requesting Snap dump using '/home/rjw/u/wit/rjw/witj/test/data/Snap.20100423.183548.7122.0001.trc'
JVMDUMP010I Snap dump written to /home/rjw/u/wit/rjw/witj/test/data/Snap.20100423.183548.7122.0001.trc
JVMDUMP007I JVM Requesting Heap dump using '/home/rjw/u/wit/rjw/witj/test/data/heapdump.20100423.183548.7122.0002.phd'
JVMDUMP010I Heap dump written to /home/rjw/u/wit/rjw/witj/test/data/heapdump.20100423.183548.7122.0002.phd
JVMDUMP007I JVM Requesting Java dump using '/home/rjw/u/wit/rjw/witj/test/data/javacore.20100423.183548.7122.0003.txt'
JVMDUMP010I Java dump written to /home/rjw/u/wit/rjw/witj/test/data/javacore.20100423.183548.7122.0003.txt
d674 1
a674 1
      java.library.path = "bogus-path"
@


1.5
log
@Multi-Obj Mode
@
text
@d159 1
a159 1
      Line #:      34
d178 6
a183 6
JVMDUMP007I JVM Requesting Snap dump using '/home/rjw/u/wit/rjw/witj/test/data/Snap.20100415.173255.8781.0001.trc'
JVMDUMP010I Snap dump written to /home/rjw/u/wit/rjw/witj/test/data/Snap.20100415.173255.8781.0001.trc
JVMDUMP007I JVM Requesting Heap dump using '/home/rjw/u/wit/rjw/witj/test/data/heapdump.20100415.173255.8781.0002.phd'
JVMDUMP010I Heap dump written to /home/rjw/u/wit/rjw/witj/test/data/heapdump.20100415.173255.8781.0002.phd
JVMDUMP007I JVM Requesting Java dump using '/home/rjw/u/wit/rjw/witj/test/data/javacore.20100415.173255.8781.0003.txt'
JVMDUMP010I Java dump written to /home/rjw/u/wit/rjw/witj/test/data/javacore.20100415.173255.8781.0003.txt
d333 1
a333 1
	at com.ibm.witj.GlobalAspect.setNPeriods(GlobalAspect.java:203)
@


1.4
log
@Multi-Obj Mode
@
text
@d178 6
a183 6
JVMDUMP007I JVM Requesting Snap dump using '/home/rjw/u/wit/rjw/witj/test/data/Snap.20100414.114122.30406.0001.trc'
JVMDUMP010I Snap dump written to /home/rjw/u/wit/rjw/witj/test/data/Snap.20100414.114122.30406.0001.trc
JVMDUMP007I JVM Requesting Heap dump using '/home/rjw/u/wit/rjw/witj/test/data/heapdump.20100414.114122.30406.0002.phd'
JVMDUMP010I Heap dump written to /home/rjw/u/wit/rjw/witj/test/data/heapdump.20100414.114122.30406.0002.phd
JVMDUMP007I JVM Requesting Java dump using '/home/rjw/u/wit/rjw/witj/test/data/javacore.20100414.114122.30406.0003.txt'
JVMDUMP010I Java dump written to /home/rjw/u/wit/rjw/witj/test/data/javacore.20100414.114122.30406.0003.txt
d333 1
a333 1
	at com.ibm.witj.GlobalAspect.setNPeriods(GlobalAspect.java:182)
@


1.3
log
@Multi-Obj Mode
@
text
@d22 1
a22 1
	at com.ibm.witj.Utility.getExceptionToThrow(Utility.java:32)
d43 1
a43 1
	at com.ibm.witj.Utility.notAllowedWhenTerminated(Utility.java:69)
d73 1
a73 1
	at com.ibm.witj.Utility.getExceptionToThrow(Utility.java:32)
d178 6
a183 6
JVMDUMP007I JVM Requesting Snap dump using '/home/rjw/u/wit/rjw/witj/test/data/Snap.20100413.194258.12311.0001.trc'
JVMDUMP010I Snap dump written to /home/rjw/u/wit/rjw/witj/test/data/Snap.20100413.194258.12311.0001.trc
JVMDUMP007I JVM Requesting Heap dump using '/home/rjw/u/wit/rjw/witj/test/data/heapdump.20100413.194258.12311.0002.phd'
JVMDUMP010I Heap dump written to /home/rjw/u/wit/rjw/witj/test/data/heapdump.20100413.194258.12311.0002.phd
JVMDUMP007I JVM Requesting Java dump using '/home/rjw/u/wit/rjw/witj/test/data/javacore.20100413.194258.12311.0003.txt'
JVMDUMP010I Java dump written to /home/rjw/u/wit/rjw/witj/test/data/javacore.20100413.194258.12311.0003.txt
d197 1
a197 1
	at com.ibm.witj.Utility.getExceptionToThrow(Utility.java:32)
d724 1
a724 1
	at com.ibm.witj.Utility.getExceptionToThrow(Utility.java:32)
@


1.2
log
@Updates for recent changes to WIT.
@
text
@d178 6
a183 6
JVMDUMP007I JVM Requesting Snap dump using '/home/rjw/u/wit/rjw/witj/test/data/Snap.20100409.190823.13135.0001.trc'
JVMDUMP010I Snap dump written to /home/rjw/u/wit/rjw/witj/test/data/Snap.20100409.190823.13135.0001.trc
JVMDUMP007I JVM Requesting Heap dump using '/home/rjw/u/wit/rjw/witj/test/data/heapdump.20100409.190823.13135.0002.phd'
JVMDUMP010I Heap dump written to /home/rjw/u/wit/rjw/witj/test/data/heapdump.20100409.190823.13135.0002.phd
JVMDUMP007I JVM Requesting Java dump using '/home/rjw/u/wit/rjw/witj/test/data/javacore.20100409.190823.13135.0003.txt'
JVMDUMP010I Java dump written to /home/rjw/u/wit/rjw/witj/test/data/javacore.20100409.190823.13135.0003.txt
d639 8
a649 2
WIT0098I WIT function witGetTitle entered.

@


1.1
log
@Changed the extensions of test output files from out to output.
@
text
@d178 6
a183 6
JVMDUMP007I JVM Requesting Snap dump using '/home/rjw/u/wit/rjw/witj/test/data/Snap.20091028.174359.1194.0001.trc'
JVMDUMP010I Snap dump written to /home/rjw/u/wit/rjw/witj/test/data/Snap.20091028.174359.1194.0001.trc
JVMDUMP007I JVM Requesting Heap dump using '/home/rjw/u/wit/rjw/witj/test/data/heapdump.20091028.174359.1194.0002.phd'
JVMDUMP010I Heap dump written to /home/rjw/u/wit/rjw/witj/test/data/heapdump.20091028.174359.1194.0002.phd
JVMDUMP007I JVM Requesting Java dump using '/home/rjw/u/wit/rjw/witj/test/data/javacore.20091028.174359.1194.0003.txt'
JVMDUMP010I Java dump written to /home/rjw/u/wit/rjw/witj/test/data/javacore.20091028.174359.1194.0003.txt
d334 1
a334 1
	at com.ibm.witj.CustAttImp$7.setInt(CustAttImp.java:134)
d368 1
a368 1
            Line #:      396
d402 1
a402 1
            Line #:      396
@

