
--------------------------------------------------------------------------------
WIT-J Error Test Case 1:
Throws an instance of an unexpected Java Throwable class.
--------------------------------------------------------------------------------

com.ibm.witj.InternalErrorException: 

   An instance of an unexpected Throwable class was thrown from
   the Java side of WIT-J:

      class java.lang.NullPointerException

   This indicates an internal error (bug) in WIT-J.

   As a result of this Exception, WIT-J has terminated its functioning.
   No further calls to WIT-J methods should be made for the rest of
   the program process.

	at com.ibm.witj.InternalErrorException.newInstanceForUnexpJavaThrowable(InternalErrorException.java:71)
	at com.ibm.witj.WitjException.getExceptionToThrow(WitjException.java:83)
	at com.ibm.witj.Utility.getExceptionToThrow(Utility.java:32)
	at com.ibm.witj.Problem.performAction(Problem.java:151)
	at com.ibm.witj.test.ErrTester.testCase1(ErrTester.java:197)
	at com.ibm.witj.test.ErrTester.perfTest(ErrTester.java:65)
	at com.ibm.witj.test.ErrTester.performTest(ErrTester.java:35)
	at com.ibm.witj.test.Tester.main(Tester.java:47)
Caused by: java.lang.NullPointerException
	at com.ibm.witj.Problem.performAction(Problem.java:125)
	... 4 more

com.ibm.witj.StatusQuoException: 

   A WIT-J method was called after WIT-J had terminated its functioning.

      Method: Problem.newInstance

   This indicates an error in the application program.

   The state of WIT-J has not been changed.

	at com.ibm.witj.TerminalException.notAllowedWhenTerminated(TerminalException.java:98)
	at com.ibm.witj.Utility.notAllowedWhenTerminated(Utility.java:69)
	at com.ibm.witj.Problem.newInstance(Problem.java:46)
	at com.ibm.witj.test.ErrTester.testCase1(ErrTester.java:213)
	at com.ibm.witj.test.ErrTester.perfTest(ErrTester.java:65)
	at com.ibm.witj.test.ErrTester.performTest(ErrTester.java:35)
	at com.ibm.witj.test.Tester.main(Tester.java:47)

Successful completion of Error Test Case 1.

------------------------------
 Contents of ErrTester.output 
------------------------------

--------------------------------------------------------------------------------
WIT-J Error Test Case 2:
Fails a Java assertion.
--------------------------------------------------------------------------------

com.ibm.witj.InternalErrorException: 

   An AssertionError was thrown from the Java side of WIT-J.

   This indicates an internal error (bug) in WIT-J.

   As a result of this Exception, WIT-J has terminated its functioning.
   No further calls to WIT-J methods should be made for the rest of
   the program process.

	at com.ibm.witj.InternalErrorException.newInstanceForJavaAssertionError(InternalErrorException.java:49)
	at com.ibm.witj.WitjException.getExceptionToThrow(WitjException.java:69)
	at com.ibm.witj.Utility.getExceptionToThrow(Utility.java:32)
	at com.ibm.witj.Problem.performAction(Problem.java:151)
	at com.ibm.witj.test.ErrTester.testCase2(ErrTester.java:246)
	at com.ibm.witj.test.ErrTester.perfTest(ErrTester.java:69)
	at com.ibm.witj.test.ErrTester.performTest(ErrTester.java:35)
	at com.ibm.witj.test.Tester.main(Tester.java:47)
Caused by: java.lang.AssertionError
	at com.ibm.witj.Problem.performAction(Problem.java:111)
	... 4 more

Successful completion of Error Test Case 2.

------------------------------
 Contents of ErrTester.output 
------------------------------

--------------------------------------------------------------------------------
WIT-J Error Test Case 3:
Throws a C++ exception of an unexpected type.
The native method returns a value.
--------------------------------------------------------------------------------

com.ibm.witj.InternalErrorException: 

   A C++ exception of an unexpected type was thrown from the C++ side of WIT-J.

   This indicates an internal error (bug) in WIT-J.

   As a result of this Exception, WIT-J has terminated its functioning.
   No further calls to WIT-J methods should be made for the rest of
   the program process.

	at com.ibm.witj.ProblemCOR.throwUnexpException(Native Method)
	at com.ibm.witj.Problem.performAction(Problem.java:130)
	at com.ibm.witj.test.ErrTester.testCase3(ErrTester.java:280)
	at com.ibm.witj.test.ErrTester.perfTest(ErrTester.java:73)
	at com.ibm.witj.test.ErrTester.performTest(ErrTester.java:35)
	at com.ibm.witj.test.Tester.main(Tester.java:47)

Successful completion of Error Test Case 3.

------------------------------
 Contents of ErrTester.output 
------------------------------

--------------------------------------------------------------------------------
WIT-J Error Test Case 4:
Fails a C++ EXCEPTION_ASSERT.
--------------------------------------------------------------------------------

com.ibm.witj.InternalErrorException: 

    An assertion failure was incurred by the C++ side of WIT-J:

      Source File: ../src/Problem.C
      Line #:      50

   This indicates an internal error (bug) in WIT-J.

   As a result of this Exception, WIT-J has terminated its functioning.
   No further calls to WIT-J methods should be made for the rest of
   the program process.

	at com.ibm.witj.ProblemCOR.performAction(Native Method)
	at com.ibm.witj.Problem.performAction(Problem.java:101)
	at com.ibm.witj.test.ErrTester.testCase4(ErrTester.java:313)
	at com.ibm.witj.test.ErrTester.perfTest(ErrTester.java:77)
	at com.ibm.witj.test.ErrTester.performTest(ErrTester.java:35)
	at com.ibm.witj.test.Tester.main(Tester.java:47)

Successful completion of Error Test Case 4.

------------------------------
 Contents of ErrTester.output 
------------------------------

--------------------------------------------------------------------------------
WIT-J Error Test Case 5:
Fails a C++ ABORTING_ASSERT.
--------------------------------------------------------------------------------


WIT-J/C++ Internal Error:

   Assertion failure:
      Source File: ../src/Problem.C
      Line #:      123

Application Program aborted by WIT-J.

------------------------------
 Contents of ErrTester.output 
------------------------------

--------------------------------------------------------------------------------
WIT-J Error Test Case 9:
Triggers a JNI Exception.
--------------------------------------------------------------------------------

com.ibm.witj.InternalErrorException: 

   A Java Throwable was thrown during the execution of a JNI
   function called by the C++ side of WIT-J:

      class java.lang.NoClassDefFoundError

   This indicates an internal error (bug) in WIT-J.

   As a result of this Exception, WIT-J has terminated its functioning.
   No further calls to WIT-J methods should be made for the rest of
   the program process.

	at com.ibm.witj.InternalErrorException.newInstanceForThrowableFromJni(InternalErrorException.java:115)
	at com.ibm.witj.ProblemCOR.performAction(Native Method)
	at com.ibm.witj.Problem.performAction(Problem.java:101)
	at com.ibm.witj.test.ErrTester.testCase9(ErrTester.java:470)
	at com.ibm.witj.test.ErrTester.perfTest(ErrTester.java:97)
	at com.ibm.witj.test.ErrTester.performTest(ErrTester.java:35)
	at com.ibm.witj.test.Tester.main(Tester.java:47)
Caused by: java.lang.NoClassDefFoundError: Nonsense
	... 6 more
Caused by: java.lang.ClassNotFoundException: Nonsense
	at java.net.URLClassLoader.findClass(URLClassLoader.java:434)
	at java.lang.ClassLoader.loadClass(ClassLoader.java:660)
	at sun.misc.Launcher$AppClassLoader.loadClass(Launcher.java:358)
	at java.lang.ClassLoader.loadClass(ClassLoader.java:626)
	... 6 more

Successful completion of Error Test Case 9.

------------------------------
 Contents of ErrTester.output 
------------------------------

--------------------------------------------------------------------------------
WIT-J Error Test Case 10:
Attempts to set N_PERIODS to a negative number.
--------------------------------------------------------------------------------


WIT0322S Attribute is out of range.
            Value specified    : -3
            Range              : value >= 1
WIT0301S    Attribute          : nPeriods
WIT0310S    Function           : witSetNPeriods

WIT0863S WIT has encountered an error condition and is now throwing an
         exception of type WitErrorExc.
         The return code is 3.

com.ibm.witj.TerminalAppException: 

   WIT has issued a severe error message.

   This indicates an error in the application program.

   As a result of this Exception, WIT-J has terminated its functioning.
   No further calls to WIT-J methods should be made for the rest of
   the program process.

	at com.ibm.witj.ProblemCOR.setNPeriods(Native Method)
	at com.ibm.witj.Problem.setNPeriods(Problem.java:1353)
	at com.ibm.witj.SpecAttImp$NPeriodsImp.set(SpecAttImp.java:88)
	at com.ibm.witj.SpecAttImp$NPeriodsImp.set(SpecAttImp.java:70)
	at com.ibm.witj.Component.set(Component.java:58)
	at com.ibm.witj.test.ErrTester.testCase10(ErrTester.java:503)
	at com.ibm.witj.test.ErrTester.perfTest(ErrTester.java:101)
	at com.ibm.witj.test.ErrTester.performTest(ErrTester.java:35)
	at com.ibm.witj.test.Tester.main(Tester.java:47)

Successful completion of Error Test Case 10.

------------------------------
 Contents of ErrTester.output 
------------------------------

WIT0098I WIT function witSetNPeriods entered.

WIT0322S Attribute is out of range.
            Value specified    : -3
            Range              : value >= 1
WIT0301S    Attribute          : nPeriods
WIT0310S    Function           : witSetNPeriods

WIT0863S WIT has encountered an error condition and is now throwing an
         exception of type WitErrorExc.
         The return code is 3.


--------------------------------------------------------------------------------
WIT-J Error Test Case 11:
Causes WIT to issue a fatal message.
--------------------------------------------------------------------------------


WIT0543F Assertion failure:
            Source File: ../src/WitRun.C
            Line #:      404
            Assertion:   false


WIT0863S WIT has encountered an error condition and is now throwing an
         exception of type WitErrorExc.
         The return code is 4.

com.ibm.witj.InternalErrorException: 

   WIT has issued a fatal error message.

   This indicates an internal error (bug) in WIT-J.

   As a result of this Exception, WIT-J has terminated its functioning.
   No further calls to WIT-J methods should be made for the rest of
   the program process.

	at com.ibm.witj.ProblemCOR.performAction(Native Method)
	at com.ibm.witj.Problem.performAction(Problem.java:101)
	at com.ibm.witj.test.ErrTester.testCase11(ErrTester.java:536)
	at com.ibm.witj.test.ErrTester.perfTest(ErrTester.java:105)
	at com.ibm.witj.test.ErrTester.performTest(ErrTester.java:35)
	at com.ibm.witj.test.Tester.main(Tester.java:47)

Successful completion of Error Test Case 11.

------------------------------
 Contents of ErrTester.output 
------------------------------

WIT0098I WIT function witIssueFatalMesg entered.

WIT0543F Assertion failure:
            Source File: ../src/WitRun.C
            Line #:      404
            Assertion:   false

WIT0701I The above message indicates that there is a programming error in WIT.

WIT0863S WIT has encountered an error condition and is now throwing an
         exception of type WitErrorExc.
         The return code is 4.


--------------------------------------------------------------------------------
WIT-J Error Test Case 12:
Exhausts memory in WIT.
--------------------------------------------------------------------------------


WIT0404S Memory allocation error:
         
         There is not enough memory available for WIT to continue running.


WIT0863S WIT has encountered an error condition and is now throwing an
         exception of type WitErrorExc.
         The return code is 3.


com.ibm.witj.OutOfMemoryException: 

   WIT-J has run out of memory.

   This occurred in WIT.

   As a result of this Exception, WIT-J has terminated its functioning.
   No further calls to WIT-J methods should be made for the rest of
   the program process.

	at com.ibm.witj.ProblemCOR.performAction(Native Method)
	at com.ibm.witj.Problem.performAction(Problem.java:101)
	at com.ibm.witj.test.ErrTester.testCase12(ErrTester.java:569)
	at com.ibm.witj.test.ErrTester.perfTest(ErrTester.java:109)
	at com.ibm.witj.test.ErrTester.performTest(ErrTester.java:35)
	at com.ibm.witj.test.Tester.main(Tester.java:47)

Successful completion of Error Test Case 12.

------------------------------
 Contents of ErrTester.output 
------------------------------

WIT0098I WIT function witExhaustMemory entered.
WIT0869I  100MB of memory have been discarded.
WIT0869I  200MB of memory have been discarded.
WIT0869I  300MB of memory have been discarded.
WIT0869I  400MB of memory have been discarded.
WIT0869I  500MB of memory have been discarded.
WIT0869I  600MB of memory have been discarded.
WIT0869I  700MB of memory have been discarded.
WIT0869I  800MB of memory have been discarded.
WIT0869I  900MB of memory have been discarded.
WIT0869I 1000MB of memory have been discarded.
WIT0869I 1100MB of memory have been discarded.
WIT0869I 1200MB of memory have been discarded.
WIT0869I 1300MB of memory have been discarded.
WIT0869I 1400MB of memory have been discarded.
WIT0869I 1500MB of memory have been discarded.
WIT0869I 1600MB of memory have been discarded.
WIT0869I 1700MB of memory have been discarded.
WIT0869I 1800MB of memory have been discarded.
WIT0869I 1900MB of memory have been discarded.
WIT0869I 2000MB of memory have been discarded.
WIT0869I 2100MB of memory have been discarded.
WIT0869I 2200MB of memory have been discarded.
WIT0869I 2300MB of memory have been discarded.

WIT0404S Memory allocation error:
         
         There is not enough memory available for WIT to continue running.


WIT0863S WIT has encountered an error condition and is now throwing an
         exception of type WitErrorExc.
         The return code is 3.


--------------------------------------------------------------------------------
WIT-J Error Test Case 13:
Invokes readData on a file that does not exist.
--------------------------------------------------------------------------------


WIT0075S An error was encountered by the "fopen" function when attempting to
         open a file.
         
         File name:           "no-file.data"
         File opening mode:   "r"
         Fopen error number:  2
         Fopen error message: "No such file or directory"


WIT0863S WIT has encountered an error condition and is now throwing an
         exception of type WitErrorExc.
         The return code is 3.


com.ibm.witj.ReadDataException: 

   WIT has issued a severe error message while attempting to read
   a data file for the readData method of class Problem.

   This indicates an error in the data file.

   As a result of this Exception, WIT-J has terminated its functioning.
   No further calls to WIT-J methods should be made for the rest of
   the program process.

	at com.ibm.witj.ProblemCOR.readData(Native Method)
	at com.ibm.witj.Problem.readData(Problem.java:781)
	at com.ibm.witj.test.ErrTester.testCase13(ErrTester.java:604)
	at com.ibm.witj.test.ErrTester.perfTest(ErrTester.java:113)
	at com.ibm.witj.test.ErrTester.performTest(ErrTester.java:35)
	at com.ibm.witj.test.Tester.main(Tester.java:47)

Successful completion of Error Test Case 13.

------------------------------
 Contents of ErrTester.output 
------------------------------

WIT0098I WIT function witReadData entered.
WIT0100I The file "no-file.data" will be accessed.

WIT0075S An error was encountered by the "fopen" function when attempting to
         open a file.
         
         File name:           "no-file.data"
         File opening mode:   "r"
         Fopen error number:  2
         Fopen error message: "No such file or directory"


WIT0863S WIT has encountered an error condition and is now throwing an
         exception of type WitErrorExc.
         The return code is 3.


--------------------------------------------------------------------------------
WIT-J Error Test Case 14:
Invokes readData on a file that sets wit34Compatible to TRUE.
--------------------------------------------------------------------------------


WIT0988S The "wit34Compatible" attribute cannot be set in this application
         program.

WIT0355S    Input file name    : wit34.data
WIT0356S    Input file line number   : 3
WIT0310S    Function           : witReadData

WIT0863S WIT has encountered an error condition and is now throwing an
         exception of type WitErrorExc.
         The return code is 3.


com.ibm.witj.ReadDataException: 

   WIT has issued a severe error message while attempting to read
   a data file for the readData method of class Problem.

   This indicates an error in the data file.

   As a result of this Exception, WIT-J has terminated its functioning.
   No further calls to WIT-J methods should be made for the rest of
   the program process.

	at com.ibm.witj.ProblemCOR.readData(Native Method)
	at com.ibm.witj.Problem.readData(Problem.java:781)
	at com.ibm.witj.test.ErrTester.testCase14(ErrTester.java:639)
	at com.ibm.witj.test.ErrTester.perfTest(ErrTester.java:117)
	at com.ibm.witj.test.ErrTester.performTest(ErrTester.java:35)
	at com.ibm.witj.test.Tester.main(Tester.java:47)

Successful completion of Error Test Case 14.

------------------------------
 Contents of ErrTester.output 
------------------------------

WIT0098I WIT function witReadData entered.
WIT0100I The file "wit34.data" will be accessed.

WIT0988S The "wit34Compatible" attribute cannot be set in this application
         program.

WIT0355S    Input file name    : wit34.data
WIT0356S    Input file line number   : 3
WIT0310S    Function           : witReadData

WIT0863S WIT has encountered an error condition and is now throwing an
         exception of type WitErrorExc.
         The return code is 3.


--------------------------------------------------------------------------------
WIT-J Error Test Case 15:
Invokes readData on a file that contains a character in Latin-1.
--------------------------------------------------------------------------------


WIT1060W A part or an operation is being added when the nPeriods attribute has
         not yet been explicitly set. The default value of nPeriods = 26 will be
         used.

com.ibm.witj.BadCharacterException: 

   The readData method of class Problem found a string in the data
   file containing a non-UTF-8 character.

      Offending string (as a Java String): SÃ£o Paulo

   This indicates an error in the data file.

   As a result of this Exception, WIT-J has terminated its functioning.
   No further calls to WIT-J methods should be made for the rest of
   the program process.

	at com.ibm.witj.ProblemCOR.readData(Native Method)
	at com.ibm.witj.Problem.readData(Problem.java:781)
	at com.ibm.witj.test.ErrTester.testCase15(ErrTester.java:674)
	at com.ibm.witj.test.ErrTester.perfTest(ErrTester.java:121)
	at com.ibm.witj.test.ErrTester.performTest(ErrTester.java:35)
	at com.ibm.witj.test.Tester.main(Tester.java:47)

The offending String given in the BadCharacterException was: SÃ£o Paulo

Successful completion of Error Test Case 15.

------------------------------
 Contents of ErrTester.output 
------------------------------

WIT0098I WIT function witReadData entered.
WIT0100I The file "latin1.data" will be accessed.

WIT1060W A part or an operation is being added when the nPeriods attribute has
         not yet been explicitly set. The default value of nPeriods = 26 will be
         used.


WIT0098I WIT function witGetTitle entered.

WIT0098I WIT function witGetSolverLogFileName entered.
WIT0120I solverLogFileName returned.

WIT0098I WIT function witGetMultiObjMode entered.
WIT0120I multiObjMode returned.

WIT0098I WIT function witGetNPeriods entered.
WIT0120I nPeriods returned.

WIT0098I WIT function witGetObjItrState entered.

WIT0098I WIT function witAdvanceObjItr entered.

WIT0783I Object iteration has advanced to the following data object:

WIT0714I    Object Type:               Operation
WIT0716I    Operation Name:            "São Paulo"

WIT0098I WIT function witGetObjItrState entered.

WIT0098I WIT function witGetObjItrOperation entered.

--------------------------------------------------------------------------------
WIT-J Error Test Case 16:
Invokes WIT-J with a bad native library path.
--------------------------------------------------------------------------------

com.ibm.witj.TerminalAppException: 

   An UnsatisfiedLinkError was thrown when the Java portion of
   WIT-J attempted to load the native library "witj" for the
   C++ portion of WIT-J. The error message was:

      witj (Not found in java.library.path)

   This may indicate a problem with the native library path:

      java.library.path = "/invalid-library-path"

   This indicates an error in the application program.

   As a result of this Exception, WIT-J has terminated its functioning.
   No further calls to WIT-J methods should be made for the rest of
   the program process.

	at com.ibm.witj.TerminalAppException.newInstanceForLoadLibraryFailure(TerminalAppException.java:51)
	at com.ibm.witj.JavaAccObjCOR.setUpCppPortion(JavaAccObjCOR.java:99)
	at com.ibm.witj.JavaAccObjCOR.<init>(JavaAccObjCOR.java:57)
	at com.ibm.witj.CoordinatorCOR.<init>(CoordinatorCOR.java:30)
	at com.ibm.witj.Coordinator.<init>(Coordinator.java:31)
	at com.ibm.witj.Problem.newInstance(Problem.java:48)
	at com.ibm.witj.test.ErrTester.newProblem(ErrTester.java:768)
	at com.ibm.witj.test.ErrTester.testCase16(ErrTester.java:710)
	at com.ibm.witj.test.ErrTester.perfTest(ErrTester.java:125)
	at com.ibm.witj.test.ErrTester.performTest(ErrTester.java:35)
	at com.ibm.witj.test.Tester.main(Tester.java:47)
Caused by: java.lang.UnsatisfiedLinkError: witj (Not found in java.library.path)
	at java.lang.ClassLoader.loadLibraryWithPath(ClassLoader.java:1018)
	at java.lang.ClassLoader.loadLibraryWithClassLoader(ClassLoader.java:982)
	at java.lang.System.loadLibrary(System.java:472)
	at com.ibm.witj.JavaAccObjCOR.setUpCppPortion(JavaAccObjCOR.java:94)
	... 9 more

Successful completion of Error Test Case 16.

--------------------------------------------------------------------------------
WIT-J Error Test Case 17:
Calls an unimplemented native method.
--------------------------------------------------------------------------------

com.ibm.witj.TerminalAppException: 

   An UnsatisfiedLinkError was thrown within the Java portion of
   WIT-J. The error message was:

      com/ibm/witj/ProblemCOR.notImplemented()V

   This may indicate a problem linking to the native method
   implementations in the native library "witj" for the C++
   portion of WIT-J.

      java.library.path = "../../cpp/linux"

   This indicates an error in the application program.

   As a result of this Exception, WIT-J has terminated its functioning.
   No further calls to WIT-J methods should be made for the rest of
   the program process.

	at com.ibm.witj.TerminalAppException.newInstanceForUnsatisfiedLink(TerminalAppException.java:83)
	at com.ibm.witj.WitjException.getExceptionToThrow(WitjException.java:76)
	at com.ibm.witj.Utility.getExceptionToThrow(Utility.java:32)
	at com.ibm.witj.Problem.performAction(Problem.java:151)
	at com.ibm.witj.test.ErrTester.testCase17(ErrTester.java:743)
	at com.ibm.witj.test.ErrTester.perfTest(ErrTester.java:129)
	at com.ibm.witj.test.ErrTester.performTest(ErrTester.java:35)
	at com.ibm.witj.test.Tester.main(Tester.java:47)
Caused by: java.lang.UnsatisfiedLinkError: com/ibm/witj/ProblemCOR.notImplemented()V
	at com.ibm.witj.Problem.performAction(Problem.java:135)
	... 4 more

Successful completion of Error Test Case 17.

------------------------------
 Contents of ErrTester.output 
------------------------------
